Removed Parameter Case/Package:1210 from Part L1
Removed Parameter Case Code (Imperial):0806 from Part L1
Removed Parameter Case Code (Metric):3225 from Part L1
Removed Parameter Code_IEC:1005 from Part L1
Removed Parameter Code_JEITA:0402 from Part L1
Removed Parameter ComponentLink3Description:https://datasheet.ciiva.com/18088/getdatasheetpartid-31248-18088660.pdf?src-supplier=Verical from Part L1
Removed Parameter ComponentLink3URL:https://datasheet.ciiva.com/18088/getdatasheetpartid-31248-18088660.pdf?src-supplier=Verical from Part L1
Removed Parameter ComponentLink4Description:https://datasheet.ciiva.com/29348/536629-da-01-en-induktivitaet-10-22uh-250ma-3-2x2-50-29348769.pdf?src-supplier=Conrad from Part L1
Removed Parameter ComponentLink4URL:https://datasheet.ciiva.com/29348/536629-da-01-en-induktivitaet-10-22uh-250ma-3-2x2-50-29348769.pdf?src-supplier=Conrad from Part L1
Removed Parameter ComponentLink5Description:https://datasheet.ciiva.com/6709/l0075s0093lqh32c-2333-6709846.pdf?src-supplier=Digi-Key from Part L1
Removed Parameter ComponentLink5URL:https://datasheet.ciiva.com/6709/l0075s0093lqh32c-2333-6709846.pdf?src-supplier=Digi-Key from Part L1
Removed Parameter ComponentLink6Description:https://datasheet.ciiva.com/3082/l0075s0093lqh32c-2333-3082183.pdf?src-supplier=Avnet from Part L1
Removed Parameter ComponentLink6URL:https://datasheet.ciiva.com/3082/l0075s0093lqh32c-2333-3082183.pdf?src-supplier=Avnet from Part L1
Removed Parameter ComponentLink7Description:https://datasheet.ciiva.com/17247/l0075s0093lqh32c-2333-17247816.pdf?src-supplier=Avnet+Europe from Part L1
Removed Parameter ComponentLink7URL:https://datasheet.ciiva.com/17247/l0075s0093lqh32c-2333-17247816.pdf?src-supplier=Avnet+Europe from Part L1
Removed Parameter ComponentLink8Description:https://datasheet.ciiva.com/8510/l0075s0093lqh32c-2333-8510841.pdf?src-supplier=Avnet from Part L1
Removed Parameter ComponentLink8URL:https://datasheet.ciiva.com/8510/l0075s0093lqh32c-2333-8510841.pdf?src-supplier=Avnet from Part L1
Removed Parameter Core Material:Ferrite from Part L1
Removed Parameter Current:80mA from Part L1
Removed Parameter Current Rating:250mA from Part L1
Removed Parameter Current Rating:500mA from Part P6
Removed Parameter DC Current:250mA from Part L1
Removed Parameter DC Resistance (DCR):710mR from Part L1
Removed Parameter Depth:2.7mm from Part L1
Removed Parameter Frequency:19MHz from Part L1
Removed Parameter Height:0.61mm from Part IC1
Removed Parameter Height:2mm from Part L1
Removed Parameter Inductance:22uH from Part L1
Removed Parameter Manufacturer_Part_Number:AL3050FDC-7 from Part IC1
Removed Parameter Max DC Current:250mA from Part L1
Removed Parameter Max Operating Temperature:85°C from Part L1
Removed Parameter Max Operating Temperature:85°C from Part P6
Removed Parameter Military Standard:Not from Part L1
Removed Parameter Min Operating Temperature:-40°C from Part L1
Removed Parameter Min Operating Temperature:-40°C from Part P6
Removed Parameter Mouser Part Number:621-AL3050FDC-7 from Part IC1
Removed Parameter Mouser Price/Stock:https://www.mouser.com/Search/Refine.aspx?Keyword=621-AL3050FDC-7 from Part IC1
Removed Parameter Part Number:Solderbridge from Part SB2
Removed Parameter Part Number:Solderbridge from Part SB3
Removed Parameter Part Number:Solderbridge from Part SB4
Removed Parameter Part Number:Solderbridge from Part SB5
Removed Parameter Part Number:Solderbridge Shorted from Part SB1
Removed Parameter Part Number:TP_SMD_Ø1.0MM from Part 3v3
Removed Parameter Part Number:TP_SMD_Ø1.0MM from Part CTRL
Removed Parameter Part Number:TP_SMD_Ø1.0MM from Part D/CX
Removed Parameter Part Number:TP_SMD_Ø1.0MM from Part EN1
Removed Parameter Part Number:TP_SMD_Ø1.0MM from Part INT1
Removed Parameter Part Number:TP_SMD_Ø1.0MM from Part LED+
Removed Parameter Part Number:TP_SMD_Ø1.0MM from Part LED-
Removed Parameter Part Number:TP_SMD_Ø1.0MM from Part RESET1
Removed Parameter Part Number:TP_SMD_Ø1.0MM from Part SPI_CLK
Removed Parameter Part Number:TP_SMD_Ø1.0MM from Part SPI_CS
Removed Parameter Part Number:TP_SMD_Ø1.0MM from Part SPI_MISO
Removed Parameter Part Number:TP_SMD_Ø1.0MM from Part SPI_MOSI
Removed Parameter RS Part Number: from Part IC1
Removed Parameter RS Price/Stock: from Part IC1
