Removed Parameter Comments:* from Part 3v3
Removed Parameter Comments:* from Part CTRL
Removed Parameter Comments:* from Part D/CX
Removed Parameter Comments:* from Part EN1
Removed Parameter Comments:* from Part INT1
Removed Parameter Comments:* from Part LED+
Removed Parameter Comments:* from Part LED-
Removed Parameter Comments:* from Part RESET1
Removed Parameter Comments:* from Part SB1
Removed Parameter Comments:* from Part SB2
Removed Parameter Comments:* from Part SB3
Removed Parameter Comments:* from Part SB4
Removed Parameter Comments:* from Part SPI_CLK
Removed Parameter Comments:* from Part SPI_CS
Removed Parameter Comments:* from Part SPI_MISO
Removed Parameter Comments:* from Part SPI_MOSI
Removed Parameter ComponentLink1Description:Datasheet from Part 3v3
Removed Parameter ComponentLink1Description:Datasheet from Part CTRL
Removed Parameter ComponentLink1Description:Datasheet from Part D/CX
Removed Parameter ComponentLink1Description:Datasheet from Part EN1
Removed Parameter ComponentLink1Description:Datasheet from Part INT1
Removed Parameter ComponentLink1Description:Datasheet from Part LED+
Removed Parameter ComponentLink1Description:Datasheet from Part LED-
Removed Parameter ComponentLink1Description:Datasheet from Part RESET1
Removed Parameter ComponentLink1Description:Datasheet from Part SB1
Removed Parameter ComponentLink1Description:Datasheet from Part SB2
Removed Parameter ComponentLink1Description:Datasheet from Part SB3
Removed Parameter ComponentLink1Description:Datasheet from Part SB4
Removed Parameter ComponentLink1Description:Datasheet from Part SPI_CLK
Removed Parameter ComponentLink1Description:Datasheet from Part SPI_CS
Removed Parameter ComponentLink1Description:Datasheet from Part SPI_MISO
Removed Parameter ComponentLink1Description:Datasheet from Part SPI_MOSI
Removed Parameter ComponentLink1Description:https://datasheet.ciiva.com/29758/528923033-sd-29758739.pdf?src-supplier=Digi-Key from Part P6
Removed Parameter ComponentLink1Description:https://datasheet.ciiva.com/30514/1864601-30514032.pdf?src-supplier=Jameco from Part L1
Removed Parameter ComponentLink1Description:https://www.rohm.com/datasheet/BU21077MUV/bu21077muv-e.pdf?src-supplier=Digi-Key from Part U1
Removed Parameter ComponentLink1URL:* from Part 3v3
Removed Parameter ComponentLink1URL:* from Part CTRL
Removed Parameter ComponentLink1URL:* from Part D/CX
Removed Parameter ComponentLink1URL:* from Part EN1
Removed Parameter ComponentLink1URL:* from Part INT1
Removed Parameter ComponentLink1URL:* from Part LED+
Removed Parameter ComponentLink1URL:* from Part LED-
Removed Parameter ComponentLink1URL:* from Part RESET1
Removed Parameter ComponentLink1URL:* from Part SB1
Removed Parameter ComponentLink1URL:* from Part SB2
Removed Parameter ComponentLink1URL:* from Part SB3
Removed Parameter ComponentLink1URL:* from Part SB4
Removed Parameter ComponentLink1URL:* from Part SPI_CLK
Removed Parameter ComponentLink1URL:* from Part SPI_CS
Removed Parameter ComponentLink1URL:* from Part SPI_MISO
Removed Parameter ComponentLink1URL:* from Part SPI_MOSI
Removed Parameter ComponentLink1URL:https://datasheet.ciiva.com/29758/528923033-sd-29758739.pdf?src-supplier=Digi-Key from Part P6
Removed Parameter ComponentLink1URL:https://datasheet.ciiva.com/30514/1864601-30514032.pdf?src-supplier=Jameco from Part L1
Removed Parameter ComponentLink1URL:https://www.rohm.com/datasheet/BU21077MUV/bu21077muv-e.pdf?src-supplier=Digi-Key from Part U1
Removed Parameter ComponentLink2Description:https://datasheet.ciiva.com/11799/0900766b8121da8f-11799217.pdf?src-supplier=RSComponents from Part L1
Removed Parameter ComponentLink2Description:https://datasheet.ciiva.com/46637/528922433-sd-46637399.pdf?src-supplier=Digi-Key from Part P6
Removed Parameter ComponentLink2Description:Supplier link from Part 3v3
Removed Parameter ComponentLink2Description:Supplier link from Part CTRL
Removed Parameter ComponentLink2Description:Supplier link from Part D/CX
Removed Parameter ComponentLink2Description:Supplier link from Part EN1
Removed Parameter ComponentLink2Description:Supplier link from Part INT1
Removed Parameter ComponentLink2Description:Supplier link from Part LED+
Removed Parameter ComponentLink2Description:Supplier link from Part LED-
Removed Parameter ComponentLink2Description:Supplier link from Part RESET1
Removed Parameter ComponentLink2Description:Supplier link from Part SB1
Removed Parameter ComponentLink2Description:Supplier link from Part SB2
Removed Parameter ComponentLink2Description:Supplier link from Part SB3
Removed Parameter ComponentLink2Description:Supplier link from Part SB4
Removed Parameter ComponentLink2Description:Supplier link from Part SPI_CLK
Removed Parameter ComponentLink2Description:Supplier link from Part SPI_CS
Removed Parameter ComponentLink2Description:Supplier link from Part SPI_MISO
Removed Parameter ComponentLink2Description:Supplier link from Part SPI_MOSI
Removed Parameter ComponentLink2URL:* from Part 3v3
Removed Parameter ComponentLink2URL:* from Part CTRL
Removed Parameter ComponentLink2URL:* from Part D/CX
Removed Parameter ComponentLink2URL:* from Part EN1
Removed Parameter ComponentLink2URL:* from Part INT1
Removed Parameter ComponentLink2URL:* from Part LED+
Removed Parameter ComponentLink2URL:* from Part LED-
Removed Parameter ComponentLink2URL:* from Part RESET1
Removed Parameter ComponentLink2URL:* from Part SB1
Removed Parameter ComponentLink2URL:* from Part SB2
Removed Parameter ComponentLink2URL:* from Part SB3
Removed Parameter ComponentLink2URL:* from Part SB4
Removed Parameter ComponentLink2URL:* from Part SPI_CLK
Removed Parameter ComponentLink2URL:* from Part SPI_CS
Removed Parameter ComponentLink2URL:* from Part SPI_MISO
Removed Parameter ComponentLink2URL:* from Part SPI_MOSI
Removed Parameter ComponentLink2URL:https://datasheet.ciiva.com/11799/0900766b8121da8f-11799217.pdf?src-supplier=RSComponents from Part L1
Removed Parameter ComponentLink2URL:https://datasheet.ciiva.com/46637/528922433-sd-46637399.pdf?src-supplier=Digi-Key from Part P6
Removed Parameter HelpURL:* from Part 3v3
Removed Parameter HelpURL:* from Part CTRL
Removed Parameter HelpURL:* from Part D/CX
Removed Parameter HelpURL:* from Part EN1
Removed Parameter HelpURL:* from Part INT1
Removed Parameter HelpURL:* from Part LED+
Removed Parameter HelpURL:* from Part LED-
Removed Parameter HelpURL:* from Part RESET1
Removed Parameter HelpURL:* from Part SB1
Removed Parameter HelpURL:* from Part SB2
Removed Parameter HelpURL:* from Part SB3
Removed Parameter HelpURL:* from Part SB4
Removed Parameter HelpURL:* from Part SPI_CLK
Removed Parameter HelpURL:* from Part SPI_CS
Removed Parameter HelpURL:* from Part SPI_MISO
Removed Parameter HelpURL:* from Part SPI_MOSI
Removed Parameter LatestRevisionDate:17-Jul-2002 from Part R_FB1
Removed Parameter LatestRevisionDate:29-May-2009 from Part L1
Removed Parameter LatestRevisionDate:2009-12-14 from Part SB2
Removed Parameter LatestRevisionDate:2009-12-14 from Part SB3
Removed Parameter LatestRevisionDate:2009-12-14 from Part SB4
Removed Parameter LatestRevisionDate:2012-08-07 from Part SB1
Removed Parameter LatestRevisionDate:2013-06-11 from Part 3v3
Removed Parameter LatestRevisionDate:2013-06-11 from Part CTRL
Removed Parameter LatestRevisionDate:2013-06-11 from Part D/CX
Removed Parameter LatestRevisionDate:2013-06-11 from Part EN1
Removed Parameter LatestRevisionDate:2013-06-11 from Part INT1
Removed Parameter LatestRevisionDate:2013-06-11 from Part LED+
Removed Parameter LatestRevisionDate:2013-06-11 from Part LED-
Removed Parameter LatestRevisionDate:2013-06-11 from Part RESET1
Removed Parameter LatestRevisionDate:2013-06-11 from Part SPI_CLK
Removed Parameter LatestRevisionDate:2013-06-11 from Part SPI_CS
Removed Parameter LatestRevisionDate:2013-06-11 from Part SPI_MISO
Removed Parameter LatestRevisionDate:2013-06-11 from Part SPI_MOSI
Removed Parameter Manufacturer:Nordic Semiconductor from Part 3v3
Removed Parameter Manufacturer:Nordic Semiconductor from Part CTRL
Removed Parameter Manufacturer:Nordic Semiconductor from Part D/CX
Removed Parameter Manufacturer:Nordic Semiconductor from Part EN1
Removed Parameter Manufacturer:Nordic Semiconductor from Part INT1
Removed Parameter Manufacturer:Nordic Semiconductor from Part LED+
Removed Parameter Manufacturer:Nordic Semiconductor from Part LED-
Removed Parameter Manufacturer:Nordic Semiconductor from Part RESET1
Removed Parameter Manufacturer:Nordic Semiconductor from Part SPI_CLK
Removed Parameter Manufacturer:Nordic Semiconductor from Part SPI_CS
Removed Parameter Manufacturer:Nordic Semiconductor from Part SPI_MISO
Removed Parameter Manufacturer:Nordic Semiconductor from Part SPI_MOSI
Removed Parameter Manufacturer Part Number:0528920833 from Part P6
Removed Parameter Manufacturer Part Number:BU21077MUV-E2 from Part U1
Removed Parameter Manufacturer Part Number:* from Part 3v3
Removed Parameter Manufacturer Part Number:* from Part CTRL
Removed Parameter Manufacturer Part Number:* from Part D/CX
Removed Parameter Manufacturer Part Number:* from Part EN1
Removed Parameter Manufacturer Part Number:* from Part INT1
Removed Parameter Manufacturer Part Number:* from Part LED+
Removed Parameter Manufacturer Part Number:* from Part LED-
Removed Parameter Manufacturer Part Number:* from Part RESET1
Removed Parameter Manufacturer Part Number:* from Part SB1
Removed Parameter Manufacturer Part Number:* from Part SB2
Removed Parameter Manufacturer Part Number:* from Part SB3
Removed Parameter Manufacturer Part Number:* from Part SB4
Removed Parameter Manufacturer Part Number:* from Part SPI_CLK
Removed Parameter Manufacturer Part Number:* from Part SPI_CS
Removed Parameter Manufacturer Part Number:* from Part SPI_MISO
Removed Parameter Manufacturer Part Number:* from Part SPI_MOSI
Removed Parameter Manufacturer Part Number:LQH2MCN220K02 from Part L1
Removed Parameter Part number IPS:N.A. from Part 3v3
Removed Parameter Part number IPS:N.A. from Part CTRL
Removed Parameter Part number IPS:N.A. from Part D/CX
Removed Parameter Part number IPS:N.A. from Part EN1
Removed Parameter Part number IPS:N.A. from Part INT1
Removed Parameter Part number IPS:N.A. from Part LED+
Removed Parameter Part number IPS:N.A. from Part LED-
Removed Parameter Part number IPS:N.A. from Part RESET1
Removed Parameter Part number IPS:N.A. from Part SB1
Removed Parameter Part number IPS:N.A. from Part SB2
Removed Parameter Part number IPS:N.A. from Part SB3
Removed Parameter Part number IPS:N.A. from Part SB4
Removed Parameter Part number IPS:N.A. from Part SPI_CLK
Removed Parameter Part number IPS:N.A. from Part SPI_CS
Removed Parameter Part number IPS:N.A. from Part SPI_MISO
Removed Parameter Part number IPS:N.A. from Part SPI_MOSI
Removed Parameter Pin Count:1 from Part 3v3
Removed Parameter Pin Count:1 from Part CTRL
Removed Parameter Pin Count:1 from Part D/CX
Removed Parameter Pin Count:1 from Part EN1
Removed Parameter Pin Count:1 from Part INT1
Removed Parameter Pin Count:1 from Part LED+
Removed Parameter Pin Count:1 from Part LED-
Removed Parameter Pin Count:1 from Part RESET1
Removed Parameter Pin Count:1 from Part SPI_CLK
Removed Parameter Pin Count:1 from Part SPI_CS
Removed Parameter Pin Count:1 from Part SPI_MISO
Removed Parameter Pin Count:1 from Part SPI_MOSI
Removed Parameter Pin Count:2 from Part SB1
Removed Parameter Pin Count:2 from Part SB2
Removed Parameter Pin Count:2 from Part SB3
Removed Parameter Pin Count:2 from Part SB4
Removed Parameter Published:8-Jun-2000 from Part L1
Removed Parameter Published:8-Jun-2000 from Part R_FB1
Removed Parameter Published:2009-12-14 from Part SB2
Removed Parameter Published:2009-12-14 from Part SB3
Removed Parameter Published:2009-12-14 from Part SB4
Removed Parameter Published:2012-08-07 from Part SB1
Removed Parameter Published:2013-06-11 from Part 3v3
Removed Parameter Published:2013-06-11 from Part CTRL
Removed Parameter Published:2013-06-11 from Part D/CX
Removed Parameter Published:2013-06-11 from Part EN1
Removed Parameter Published:2013-06-11 from Part INT1
Removed Parameter Published:2013-06-11 from Part LED+
Removed Parameter Published:2013-06-11 from Part LED-
Removed Parameter Published:2013-06-11 from Part RESET1
Removed Parameter Published:2013-06-11 from Part SPI_CLK
Removed Parameter Published:2013-06-11 from Part SPI_CS
Removed Parameter Published:2013-06-11 from Part SPI_MISO
Removed Parameter Published:2013-06-11 from Part SPI_MOSI
Removed Parameter Publisher:Altium Limited from Part L1
Removed Parameter Publisher:Altium Limited from Part R_FB1
Removed Parameter Publisher:Nordic Semiconductor from Part 3v3
Removed Parameter Publisher:Nordic Semiconductor from Part CTRL
Removed Parameter Publisher:Nordic Semiconductor from Part D/CX
Removed Parameter Publisher:Nordic Semiconductor from Part EN1
Removed Parameter Publisher:Nordic Semiconductor from Part INT1
Removed Parameter Publisher:Nordic Semiconductor from Part LED+
Removed Parameter Publisher:Nordic Semiconductor from Part LED-
Removed Parameter Publisher:Nordic Semiconductor from Part RESET1
Removed Parameter Publisher:Nordic Semiconductor from Part SB1
Removed Parameter Publisher:Nordic Semiconductor from Part SB2
Removed Parameter Publisher:Nordic Semiconductor from Part SB3
Removed Parameter Publisher:Nordic Semiconductor from Part SB4
Removed Parameter Publisher:Nordic Semiconductor from Part SPI_CLK
Removed Parameter Publisher:Nordic Semiconductor from Part SPI_CS
Removed Parameter Publisher:Nordic Semiconductor from Part SPI_MISO
Removed Parameter Publisher:Nordic Semiconductor from Part SPI_MOSI
Removed Parameter Supplier 1:Digi-Key from Part L1
Removed Parameter Supplier 1:Digi-Key from Part P6
Removed Parameter Supplier 1:Digi-Key from Part U1
Removed Parameter Supplier 1:* from Part 3v3
Removed Parameter Supplier 1:* from Part CTRL
Removed Parameter Supplier 1:* from Part D/CX
Removed Parameter Supplier 1:* from Part EN1
Removed Parameter Supplier 1:* from Part INT1
Removed Parameter Supplier 1:* from Part LED+
Removed Parameter Supplier 1:* from Part LED-
Removed Parameter Supplier 1:* from Part RESET1
Removed Parameter Supplier 1:* from Part SB1
Removed Parameter Supplier 1:* from Part SB2
Removed Parameter Supplier 1:* from Part SB3
Removed Parameter Supplier 1:* from Part SB4
Removed Parameter Supplier 1:* from Part SPI_CLK
Removed Parameter Supplier 1:* from Part SPI_CS
Removed Parameter Supplier 1:* from Part SPI_MISO
Removed Parameter Supplier 1:* from Part SPI_MOSI
Removed Parameter Supplier 2:* from Part 3v3
Removed Parameter Supplier 2:* from Part CTRL
Removed Parameter Supplier 2:* from Part D/CX
Removed Parameter Supplier 2:* from Part EN1
Removed Parameter Supplier 2:* from Part INT1
Removed Parameter Supplier 2:* from Part LED+
Removed Parameter Supplier 2:* from Part LED-
Removed Parameter Supplier 2:* from Part RESET1
Removed Parameter Supplier 2:* from Part SB1
Removed Parameter Supplier 2:* from Part SB2
Removed Parameter Supplier 2:* from Part SB3
Removed Parameter Supplier 2:* from Part SB4
Removed Parameter Supplier 2:* from Part SPI_CLK
Removed Parameter Supplier 2:* from Part SPI_CS
Removed Parameter Supplier 2:* from Part SPI_MISO
Removed Parameter Supplier 2:* from Part SPI_MOSI
Removed Parameter Supplier Part Number 2:* from Part 3v3
Removed Parameter Supplier Part Number 2:* from Part CTRL
Removed Parameter Supplier Part Number 2:* from Part D/CX
Removed Parameter Supplier Part Number 2:* from Part EN1
Removed Parameter Supplier Part Number 2:* from Part INT1
Removed Parameter Supplier Part Number 2:* from Part LED+
Removed Parameter Supplier Part Number 2:* from Part LED-
Removed Parameter Supplier Part Number 2:* from Part RESET1
Removed Parameter Supplier Part Number 2:* from Part SB1
Removed Parameter Supplier Part Number 2:* from Part SB2
Removed Parameter Supplier Part Number 2:* from Part SB3
Removed Parameter Supplier Part Number 2:* from Part SB4
Removed Parameter Supplier Part Number 2:* from Part SPI_CLK
Removed Parameter Supplier Part Number 2:* from Part SPI_CS
Removed Parameter Supplier Part Number 2:* from Part SPI_MISO
Removed Parameter Supplier Part Number 2:* from Part SPI_MOSI
