Change Component Designator: Old Designator= New Designator=2
Change Component Designator: Old Designator=3V3 New Designator=1
Change Component Designator: Old Designator=C3 New Designator=C6
Change Component Designator: Old Designator=C4 New Designator=C7
Change Component Designator: Old Designator=C? New Designator=C3
Change Component Designator: Old Designator=C? New Designator=C4
Change Component Designator: Old Designator=C? New Designator=C5
Change Component Designator: Old Designator=CS New Designator=CS1
Change Component Designator: Old Designator=CTRL New Designator=CTRL1
Change Component Designator: Old Designator=EN New Designator=EN1
Change Component Designator: Old Designator=INT New Designator=INT1
Change Component Designator: Old Designator=MISO New Designator=MISO1
Change Component Designator: Old Designator=P1 New Designator=P2
Change Component Designator: Old Designator=P2 New Designator=P3
Change Component Designator: Old Designator=P3 New Designator=P4
Change Component Designator: Old Designator=P4 New Designator=P5
Change Component Designator: Old Designator=P11 New Designator=P1
Change Component Designator: Old Designator=P12 New Designator=P6
Change Component Designator: Old Designator=R1 New Designator=R3
Change Component Designator: Old Designator=R2 New Designator=R4
Change Component Designator: Old Designator=R3 New Designator=R5
Change Component Designator: Old Designator=R4 New Designator=R6
Change Component Designator: Old Designator=R5 New Designator=R7
Change Component Designator: Old Designator=R6 New Designator=R8
Change Component Designator: Old Designator=R? New Designator=R1
Change Component Designator: Old Designator=R? New Designator=R2
Change Component Designator: Old Designator=RESET New Designator=RESET1
Change Component Designator: Old Designator=SB? New Designator=SB1
Change Component Designator: Old Designator=SB? New Designator=SB2
Change Component Designator: Old Designator=TE New Designator=TE1
Change Component Designator: Old Designator=TP3 New Designator=TP1
Change Component Designator: Old Designator=TP5 New Designator=TP2
Change Component Designator: Old Designator=TP6 New Designator=TP3
Change Component Designator: Old Designator=TP7 New Designator=TP4
Change Component Designator: Old Designator=TP8 New Designator=TP5
Change Component Designator: Old Designator=TP9 New Designator=TP6
Change Component Designator: Old Designator=U? New Designator=U1
