Removed Pin From Net: NetName=GND Pin=ANT2-2
Removed Pin From Net: NetName=GND Pin=ANT2-3
Removed Pin From Net: NetName=GND Pin=ANT2-4
Removed Pin From Net: NetName=GND Pin=ANT2-5
Removed Pin From Net: NetName=GND Pin=C1-2
Removed Pin From Net: NetName=GND Pin=C2-1
Removed Pin From Net: NetName=GND Pin=C3-2
Removed Pin From Net: NetName=GND Pin=C4-1
Removed Pin From Net: NetName=GND Pin=C5-1
Removed Pin From Net: NetName=GND Pin=C6-1
Removed Pin From Net: NetName=GND Pin=C7-2
Removed Pin From Net: NetName=GND Pin=C8-2
Removed Pin From Net: NetName=GND Pin=C9-2
Removed Pin From Net: NetName=GND Pin=C10-2
Removed Pin From Net: NetName=GND Pin=C11-1
Removed Pin From Net: NetName=GND Pin=C12-2
Removed Pin From Net: NetName=GND Pin=C13-2
Removed Pin From Net: NetName=GND Pin=C14-2
Removed Pin From Net: NetName=GND Pin=C15-2
Removed Pin From Net: NetName=WAKE Pin=C16-1
Removed Pin From Net: NetName=GND Pin=C16-2
Removed Pin From Net: NetName=GND Pin=C17-2
Removed Pin From Net: NetName=GND Pin=C18-2
Removed Pin From Net: NetName=GND Pin=C19-2
Removed Pin From Net: NetName=GND Pin=C22-2
Removed Pin From Net: NetName=GND Pin=C23-1
Removed Pin From Net: NetName=VSNK Pin=C24-1
Removed Pin From Net: NetName=GND Pin=C24-2
Removed Pin From Net: NetName=RESET Pin=C25-1
Removed Pin From Net: NetName=GND Pin=C25-2
Removed Pin From Net: NetName=GND Pin=C26-1
Removed Pin From Net: NetName=GND Pin=C27-2
Removed Pin From Net: NetName=GND Pin=C28-2
Removed Pin From Net: NetName=GND Pin=C34-1
Removed Pin From Net: NetName=ON_OFF Pin=C35-1
Removed Pin From Net: NetName=GND Pin=C35-2
Removed Pin From Net: NetName=GND Pin=C36-2
Removed Pin From Net: NetName=GND Pin=C37-1
Removed Pin From Net: NetName=VSNK Pin=C37-2
Removed Pin From Net: NetName=GND Pin=C38-1
Removed Pin From Net: NetName=GND Pin=C39-2
Removed Pin From Net: NetName=GND Pin=C40-1
Removed Pin From Net: NetName=GND Pin=C41-2
Removed Pin From Net: NetName=GND Pin=C42-2
Removed Pin From Net: NetName=GND Pin=C43-1
Removed Pin From Net: NetName=GND Pin=C44-1
Removed Pin From Net: NetName=GND Pin=C45-1
Removed Pin From Net: NetName=GND Pin=C46-1
Removed Pin From Net: NetName=GND Pin=C47-2
Removed Pin From Net: NetName=GND Pin=C48-2
Removed Pin From Net: NetName=VSNK Pin=C49-2
Removed Pin From Net: NetName=GND Pin=C50-2
Removed Pin From Net: NetName=GND Pin=C51-2
Removed Pin From Net: NetName=GND Pin=C52-2
Removed Pin From Net: NetName=GND Pin=CON1-4
Removed Pin From Net: NetName=GND Pin=CON1-7
Removed Pin From Net: NetName=GND Pin=CON1-8
Removed Pin From Net: NetName=VSNK Pin=D3-1
Removed Pin From Net: NetName=GND Pin=D3-2
Removed Pin From Net: NetName=GND Pin=D4-2
Removed Pin From Net: NetName=GND Pin=L4-1
Removed Pin From Net: NetName=CS_3V3 Pin=P1-3
Removed Pin From Net: NetName=MOSI_3V3 Pin=P1-4
Removed Pin From Net: NetName=MISO_3V3 Pin=P1-5
Removed Pin From Net: NetName=CLK_3V3 Pin=P1-6
Removed Pin From Net: NetName=GND Pin=P1-7
Removed Pin From Net: NetName=3V3_AUX Pin=P2-4
Removed Pin From Net: NetName=5V_AUX Pin=P2-5
Removed Pin From Net: NetName=GND Pin=P2-6
Removed Pin From Net: NetName=GND Pin=P2-7
Removed Pin From Net: NetName=VSNK Pin=P2-8
Removed Pin From Net: NetName=TXD_3V3 Pin=P3-1
Removed Pin From Net: NetName=RXD_3V3 Pin=P3-2
Removed Pin From Net: NetName=ON_OFF Pin=P3-3
Removed Pin From Net: NetName=WAKE Pin=P3-4
Removed Pin From Net: NetName=RESET Pin=P3-5
Removed Pin From Net: NetName=GND Pin=P5-1
Removed Pin From Net: NetName=GND Pin=P5-7
Removed Pin From Net: NetName=GND Pin=P5-13
Removed Pin From Net: NetName=GND Pin=P5-19
Removed Pin From Net: NetName=GND Pin=P5-20
Removed Pin From Net: NetName=GND Pin=P5-25
Removed Pin From Net: NetName=GND Pin=P7-A1
Removed Pin From Net: NetName=GND Pin=P7-A12
Removed Pin From Net: NetName=GND Pin=P7-B1
Removed Pin From Net: NetName=GND Pin=P7-B12
Removed Pin From Net: NetName=RESET Pin=Q1-1
Removed Pin From Net: NetName=GND Pin=Q1-3
Removed Pin From Net: NetName=ON_OFF Pin=Q2-1
Removed Pin From Net: NetName=GND Pin=Q2-3
Removed Pin From Net: NetName=GND Pin=Q3-3
Removed Pin From Net: NetName=WAKE Pin=Q4-1
Removed Pin From Net: NetName=GND Pin=Q4-3
Removed Pin From Net: NetName=GND Pin=Q5-3
Removed Pin From Net: NetName=VSNK Pin=Q7-5
Removed Pin From Net: NetName=VSNK Pin=Q7-6
Removed Pin From Net: NetName=VSNK Pin=Q7-7
Removed Pin From Net: NetName=VSNK Pin=Q7-8
Removed Pin From Net: NetName=GND Pin=Q8-3
Removed Pin From Net: NetName=GND Pin=R2-2
Removed Pin From Net: NetName=GND Pin=R3-2
Removed Pin From Net: NetName=GND Pin=R6-1
Removed Pin From Net: NetName=WAKE Pin=R6-2
Removed Pin From Net: NetName=GND Pin=R8-2
Removed Pin From Net: NetName=GND Pin=R9-2
Removed Pin From Net: NetName=GND Pin=R13-1
Removed Pin From Net: NetName=RESET Pin=R13-2
Removed Pin From Net: NetName=GND Pin=R14-1
Removed Pin From Net: NetName=ON_OFF Pin=R14-2
Removed Pin From Net: NetName=GND Pin=R15-1
Removed Pin From Net: NetName=VSNK Pin=R16-2
Removed Pin From Net: NetName=GND Pin=R18-2
Removed Pin From Net: NetName=GND Pin=R20-1
Removed Pin From Net: NetName=3V3_AUX Pin=R23-1
Removed Pin From Net: NetName=GND Pin=R24-2
Removed Pin From Net: NetName=GND Pin=R25-1
Removed Pin From Net: NetName=GND Pin=R27-1
Removed Pin From Net: NetName=VSNK Pin=R35-2
Removed Pin From Net: NetName=GND Pin=R39-2
Removed Pin From Net: NetName=GND Pin=R40-2
Removed Pin From Net: NetName=GND Pin=R41-2
Removed Pin From Net: NetName=5V_AUX Pin=R42-1
Removed Pin From Net: NetName=VSNK Pin=R42-2
Removed Pin From Net: NetName=VSNK Pin=R43-2
Removed Pin From Net: NetName=GND Pin=R44-1
Removed Pin From Net: NetName=GND Pin=R50-1
Removed Pin From Net: NetName=RESET Pin=S2-2
Removed Pin From Net: NetName=RESET Pin=S2-3
Removed Pin From Net: NetName=WAKE Pin=S3-2
Removed Pin From Net: NetName=WAKE Pin=S3-3
Removed Pin From Net: NetName=ON_OFF Pin=S4-2
Removed Pin From Net: NetName=ON_OFF Pin=S4-4
Removed Pin From Net: NetName=CTS_3V3 Pin=SB1-1
Removed Pin From Net: NetName=RTS_3V3 Pin=SB2-1
Removed Pin From Net: NetName=GND Pin=SB9-2
Removed Pin From Net: NetName=GND Pin=TP1-1
Removed Pin From Net: NetName=VSNK Pin=TP3-0
Removed Pin From Net: NetName=GND Pin=U1-A3
Removed Pin From Net: NetName=GND Pin=U1-A7
Removed Pin From Net: NetName=GND Pin=U1-A9
Removed Pin From Net: NetName=GND Pin=U1-A13
Removed Pin From Net: NetName=GND Pin=U1-A17
Removed Pin From Net: NetName=GND Pin=U1-B4
Removed Pin From Net: NetName=GND Pin=U1-B6
Removed Pin From Net: NetName=GND Pin=U1-B10
Removed Pin From Net: NetName=GND Pin=U1-B12
Removed Pin From Net: NetName=GND Pin=U1-B14
Removed Pin From Net: NetName=GND Pin=U1-B16
Removed Pin From Net: NetName=GND Pin=U1-C19
Removed Pin From Net: NetName=GND Pin=U1-D18
Removed Pin From Net: NetName=GND Pin=U1-F8
Removed Pin From Net: NetName=GND Pin=U1-F12
Removed Pin From Net: NetName=GND Pin=U1-F18
Removed Pin From Net: NetName=GND Pin=U1-G19
Removed Pin From Net: NetName=GND Pin=U1-H6
Removed Pin From Net: NetName=GND Pin=U1-H14
Removed Pin From Net: NetName=GND Pin=U1-J19
Removed Pin From Net: NetName=GND Pin=U1-K18
Removed Pin From Net: NetName=GND Pin=U1-M18
Removed Pin From Net: NetName=GND Pin=U1-N19
Removed Pin From Net: NetName=GND Pin=U1-P6
Removed Pin From Net: NetName=GND Pin=U1-P14
Removed Pin From Net: NetName=GND Pin=U1-T8
Removed Pin From Net: NetName=GND Pin=U1-T12
Removed Pin From Net: NetName=GND Pin=U1-U1
Removed Pin From Net: NetName=GND Pin=U1-V2
Removed Pin From Net: NetName=GND Pin=U1-W19
Removed Pin From Net: NetName=GND Pin=U1-Y2
Removed Pin From Net: NetName=GND Pin=U1-Y4
Removed Pin From Net: NetName=VSNK Pin=U2-1
Removed Pin From Net: NetName=GND Pin=U2-7
Removed Pin From Net: NetName=GND Pin=U2-8
Removed Pin From Net: NetName=GND Pin=U3-1
Removed Pin From Net: NetName=CS_3V3 Pin=U3-11
Removed Pin From Net: NetName=CLK_3V3 Pin=U3-12
Removed Pin From Net: NetName=MISO_3V3 Pin=U3-13
Removed Pin From Net: NetName=MOSI_3V3 Pin=U3-14
Removed Pin From Net: NetName=RTS_3V3 Pin=U3-15
Removed Pin From Net: NetName=CTS_3V3 Pin=U3-16
Removed Pin From Net: NetName=RXD_3V3 Pin=U3-17
Removed Pin From Net: NetName=TXD_3V3 Pin=U3-18
Removed Pin From Net: NetName=GND Pin=U3-21
Removed Pin From Net: NetName=GND Pin=U7-B2
Removed Pin From Net: NetName=GND Pin=U8-2
Removed Pin From Net: NetName=GND Pin=U9-3
Removed Pin From Net: NetName=GND Pin=U9-5
Removed Pin From Net: NetName=GND Pin=U9-9
Removed Pin From Net: NetName=GND Pin=U9-10
Removed Pin From Net: NetName=GND Pin=U10-B1
Removed Pin From Net: NetName=GND Pin=U10-E3
Added Component: Designator=P?(HDR1X6)
Add component. Clean all parameters for all variants
Add component (AddParameter): Name = "Link"; Value = ""; VariantName = "[No Variations]"
Add component (AddParameter): Name = "Manufacturer"; Value = ""; VariantName = "[No Variations]"
Add component (AddParameter): Name = "Manufacturer Part No."; Value = ""; VariantName = "[No Variations]"
Add component (AddParameter): Name = "Part Description"; Value = "Arduino Connector"; VariantName = "[No Variations]"
Add component (AddParameter): Name = "Specification"; Value = "6 pos. 2,54mm"; VariantName = "[No Variations]"
Add component (AddParameter): Name = "Supplier"; Value = "Rutronik"; VariantName = "[No Variations]"
Add component (AddParameter): Name = "Supplier part number"; Value = ""; VariantName = "[No Variations]"
Add component (AddParameter): Name = "Value"; Value = ""; VariantName = "[No Variations]"
Added Component: Designator=P?(HDR1X8)
Add component. Clean all parameters for all variants
Add component (AddParameter): Name = "Link"; Value = ""; VariantName = "[No Variations]"
Add component (AddParameter): Name = "Manufacturer"; Value = ""; VariantName = "[No Variations]"
Add component (AddParameter): Name = "Manufacturer Part No."; Value = ""; VariantName = "[No Variations]"
Add component (AddParameter): Name = "Part Description"; Value = "Arduino Connector"; VariantName = "[No Variations]"
Add component (AddParameter): Name = "Specification"; Value = "8 pos. 2,54mm"; VariantName = "[No Variations]"
Add component (AddParameter): Name = "Supplier"; Value = "Rutronik"; VariantName = "[No Variations]"
Add component (AddParameter): Name = "Supplier part number"; Value = ""; VariantName = "[No Variations]"
Add component (AddParameter): Name = "Value"; Value = ""; VariantName = "[No Variations]"
Added Component: Designator=P?(HDR1X10)
Add component. Clean all parameters for all variants
Add component (AddParameter): Name = "Link"; Value = "https://www.digikey.com/products/en?keywords=1568-1413-ND"; VariantName = "[No Variations]"
Add component (AddParameter): Name = "Manufacturer"; Value = "SparkFun Electronics"; VariantName = "[No Variations]"
Add component (AddParameter): Name = "Manufacturer Part No."; Value = "PRT-11417"; VariantName = "[No Variations]"
Add component (AddParameter): Name = "Part Description"; Value = "Arduino Stackable Header Kit"; VariantName = "[No Variations]"
Add component (AddParameter): Name = "Specification"; Value = "10 pos. 2,54mm"; VariantName = "[No Variations]"
Add component (AddParameter): Name = "Supplier"; Value = "Digi-Key"; VariantName = "[No Variations]"
Add component (AddParameter): Name = "Supplier part number"; Value = "1568-1413-ND"; VariantName = "[No Variations]"
Add component (AddParameter): Name = "Value"; Value = "PRT-11417"; VariantName = "[No Variations]"
Added Component: Designator=P?(HDR1X8)
Add component. Clean all parameters for all variants
Add component (AddParameter): Name = "Link"; Value = ""; VariantName = "[No Variations]"
Add component (AddParameter): Name = "Manufacturer"; Value = ""; VariantName = "[No Variations]"
Add component (AddParameter): Name = "Manufacturer Part No."; Value = ""; VariantName = "[No Variations]"
Add component (AddParameter): Name = "Part Description"; Value = "Arduino Connector"; VariantName = "[No Variations]"
Add component (AddParameter): Name = "Specification"; Value = "8 pos. 2,54mm"; VariantName = "[No Variations]"
Add component (AddParameter): Name = "Supplier"; Value = "Rutronik"; VariantName = "[No Variations]"
Add component (AddParameter): Name = "Supplier part number"; Value = ""; VariantName = "[No Variations]"
Add component (AddParameter): Name = "Value"; Value = ""; VariantName = "[No Variations]"
Added Pin To Net: NetName=TXD_3V3 Pin=P?-1
Added Pin To Net: NetName=RXD_3V3 Pin=P?-2
Added Pin To Net: NetName=CS_3V3 Pin=P?-3
Added Pin To Net: NetName=ON_OFF Pin=P?-3
Added Pin To Net: NetName=3V3_AUX Pin=P?-4
Added Pin To Net: NetName=MOSI_3V3 Pin=P?-4
Added Pin To Net: NetName=WAKE Pin=P?-4
Added Pin To Net: NetName=5V_AUX Pin=P?-5
Added Pin To Net: NetName=MISO_3V3 Pin=P?-5
Added Pin To Net: NetName=RESET Pin=P?-5
Added Pin To Net: NetName=CLK_3V3 Pin=P?-6
Added Pin To Net: NetName=GND Pin=P?-6
Added Pin To Net: NetName=GND Pin=P?-7
Added Pin To Net: NetName=GND Pin=P?-7
Added Pin To Net: NetName=VSNK Pin=P?-8
Added Pin To Net: NetName=NetP?_1 Pin=P?-1
Added Net: Name=NetP?_1
Added Pin To Net: NetName=NetP?_2 Pin=P?-2
Added Net: Name=NetP?_2
Added Pin To Net: NetName=NetP?_6 Pin=P?-6
Added Net: Name=NetP?_6
Added Pin To Net: NetName=NetP?_7 Pin=P?-7
Added Net: Name=NetP?_7
Added Pin To Net: NetName=NetP?_8 Pin=P?-8
Added Net: Name=NetP?_8
Added Pin To Net: NetName=NetP?_9 Pin=P?-9
Added Net: Name=NetP?_9
Added Pin To Net: NetName=NetP?_10 Pin=P?-10
Added Net: Name=NetP?_10
Added Class: Name=Arduino connectors
Change Room Name: Old Name=USBPD_Sink New Name=Arduino connectors
Change Room Scope: Old Scope=InComponentClass('USBPD_Sink') New Scope=InComponentClass('Arduino connectors')
