Removed Pin From Net: NetName=GND Pin=ANT2-2
Removed Pin From Net: NetName=GND Pin=ANT2-3
Removed Pin From Net: NetName=GND Pin=ANT2-4
Removed Pin From Net: NetName=GND Pin=ANT2-5
Removed Pin From Net: NetName=GND Pin=C1-2
Removed Pin From Net: NetName=GND Pin=C4-1
Removed Pin From Net: NetName=GND Pin=C5-1
Removed Pin From Net: NetName=GND Pin=C6-1
Removed Pin From Net: NetName=GND Pin=C7-2
Removed Pin From Net: NetName=GND Pin=C8-2
Removed Pin From Net: NetName=GND Pin=C9-2
Removed Pin From Net: NetName=GND Pin=C10-2
Removed Pin From Net: NetName=GND Pin=C11-1
Removed Pin From Net: NetName=GND Pin=C12-2
Removed Pin From Net: NetName=3V3 Pin=C13-1
Removed Pin From Net: NetName=GND Pin=C13-2
Removed Pin From Net: NetName=3V3 Pin=C14-1
Removed Pin From Net: NetName=GND Pin=C14-2
Removed Pin From Net: NetName=GND Pin=C15-2
Removed Pin From Net: NetName=GND Pin=C16-2
Removed Pin From Net: NetName=GND Pin=C17-2
Removed Pin From Net: NetName=GND Pin=C18-2
Removed Pin From Net: NetName=GND Pin=C19-2
Removed Pin From Net: NetName=GND Pin=C22-2
Removed Pin From Net: NetName=GND Pin=C23-1
Removed Pin From Net: NetName=GND Pin=C24-2
Removed Pin From Net: NetName=GND Pin=C25-2
Removed Pin From Net: NetName=GND Pin=C26-1
Removed Pin From Net: NetName=GND Pin=C27-2
Removed Pin From Net: NetName=GND Pin=C28-2
Removed Pin From Net: NetName=GND Pin=C34-1
Removed Pin From Net: NetName=GND Pin=C35-2
Removed Pin From Net: NetName=GND Pin=C36-2
Removed Pin From Net: NetName=GND Pin=C37-1
Removed Pin From Net: NetName=GND Pin=C38-1
Removed Pin From Net: NetName=GND Pin=C39-2
Removed Pin From Net: NetName=GND Pin=C40-1
Removed Pin From Net: NetName=GND Pin=C41-2
Removed Pin From Net: NetName=GND Pin=C42-2
Removed Pin From Net: NetName=GND Pin=C43-1
Removed Pin From Net: NetName=GND Pin=C44-1
Removed Pin From Net: NetName=GND Pin=C45-1
Removed Pin From Net: NetName=GND Pin=C46-1
Removed Pin From Net: NetName=GND Pin=C47-2
Removed Pin From Net: NetName=GND Pin=C48-2
Removed Pin From Net: NetName=GND Pin=C50-2
Removed Pin From Net: NetName=GND Pin=C51-2
Removed Pin From Net: NetName=GND Pin=C52-2
Removed Pin From Net: NetName=GND Pin=CON1-4
Removed Pin From Net: NetName=GND Pin=CON1-7
Removed Pin From Net: NetName=GND Pin=CON1-8
Removed Pin From Net: NetName=3V3 Pin=D1-1
Removed Pin From Net: NetName=3V3 Pin=D2-1
Removed Pin From Net: NetName=GND Pin=D3-2
Removed Pin From Net: NetName=GND Pin=D4-2
Removed Pin From Net: NetName=3V3 Pin=D6-1
Removed Pin From Net: NetName=3V3 Pin=D7-1
Removed Pin From Net: NetName=GND Pin=L4-1
Removed Pin From Net: NetName=CS_3V3 Pin=P1-3
Removed Pin From Net: NetName=MOSI_3V3 Pin=P1-4
Removed Pin From Net: NetName=MISO_3V3 Pin=P1-5
Removed Pin From Net: NetName=CLK_3V3 Pin=P1-6
Removed Pin From Net: NetName=3V3_AUX Pin=P2-4
Removed Pin From Net: NetName=5V_AUX Pin=P2-5
Removed Pin From Net: NetName=GND Pin=P2-6
Removed Pin From Net: NetName=GND Pin=P5-1
Removed Pin From Net: NetName=GND Pin=P5-7
Removed Pin From Net: NetName=GND Pin=P5-13
Removed Pin From Net: NetName=GND Pin=P5-19
Removed Pin From Net: NetName=GND Pin=P5-20
Removed Pin From Net: NetName=GND Pin=P5-25
Removed Pin From Net: NetName=GND Pin=P7-A1
Removed Pin From Net: NetName=GND Pin=P7-A12
Removed Pin From Net: NetName=GND Pin=P7-B1
Removed Pin From Net: NetName=GND Pin=P7-B12
Removed Pin From Net: NetName=GND Pin=Q1-3
Removed Pin From Net: NetName=GND Pin=Q2-3
Removed Pin From Net: NetName=GND Pin=Q3-3
Removed Pin From Net: NetName=GND Pin=Q4-3
Removed Pin From Net: NetName=GND Pin=Q5-3
Removed Pin From Net: NetName=GND Pin=Q8-3
Removed Pin From Net: NetName=GND Pin=R2-2
Removed Pin From Net: NetName=GND Pin=R3-2
Removed Pin From Net: NetName=GND Pin=R6-1
Removed Pin From Net: NetName=GND Pin=R8-2
Removed Pin From Net: NetName=GND Pin=R9-2
Removed Pin From Net: NetName=GND Pin=R13-1
Removed Pin From Net: NetName=GND Pin=R14-1
Removed Pin From Net: NetName=GND Pin=R15-1
Removed Pin From Net: NetName=GND Pin=R18-2
Removed Pin From Net: NetName=GND Pin=R20-1
Removed Pin From Net: NetName=3V3 Pin=R21-1
Removed Pin From Net: NetName=3V3 Pin=R22-1
Removed Pin From Net: NetName=3V3_AUX Pin=R23-1
Removed Pin From Net: NetName=3V3 Pin=R23-2
Removed Pin From Net: NetName=GND Pin=R24-2
Removed Pin From Net: NetName=GND Pin=R25-1
Removed Pin From Net: NetName=GND Pin=R27-1
Removed Pin From Net: NetName=GND Pin=R39-2
Removed Pin From Net: NetName=GND Pin=R40-2
Removed Pin From Net: NetName=GND Pin=R41-2
Removed Pin From Net: NetName=5V_AUX Pin=R42-1
Removed Pin From Net: NetName=GND Pin=R44-1
Removed Pin From Net: NetName=3V3 Pin=R46-2
Removed Pin From Net: NetName=3V3 Pin=R47-1
Removed Pin From Net: NetName=3V3 Pin=R48-1
Removed Pin From Net: NetName=GND Pin=R50-1
Removed Pin From Net: NetName=NetR4_2 Pin=S1-2
Removed Pin From Net: NetName=NetR4_2 Pin=S1-3
Removed Pin From Net: NetName=3V3 Pin=S2-1
Removed Pin From Net: NetName=3V3 Pin=S2-4
Removed Pin From Net: NetName=3V3 Pin=S3-1
Removed Pin From Net: NetName=3V3 Pin=S3-4
Removed Pin From Net: NetName=3V3 Pin=S4-1
Removed Pin From Net: NetName=3V3 Pin=S4-3
Removed Pin From Net: NetName=GND Pin=SB9-2
Removed Pin From Net: NetName=GND Pin=TP1-1
Removed Pin From Net: NetName=3V3 Pin=TP6-0
Removed Pin From Net: NetName=GND Pin=U1-A3
Removed Pin From Net: NetName=GND Pin=U1-A7
Removed Pin From Net: NetName=GND Pin=U1-A9
Removed Pin From Net: NetName=GND Pin=U1-A13
Removed Pin From Net: NetName=GND Pin=U1-A17
Removed Pin From Net: NetName=GND Pin=U1-B4
Removed Pin From Net: NetName=GND Pin=U1-B6
Removed Pin From Net: NetName=GND Pin=U1-B10
Removed Pin From Net: NetName=GND Pin=U1-B12
Removed Pin From Net: NetName=GND Pin=U1-B14
Removed Pin From Net: NetName=GND Pin=U1-B16
Removed Pin From Net: NetName=GND Pin=U1-C19
Removed Pin From Net: NetName=GND Pin=U1-D18
Removed Pin From Net: NetName=GND Pin=U1-F8
Removed Pin From Net: NetName=GND Pin=U1-F12
Removed Pin From Net: NetName=GND Pin=U1-F18
Removed Pin From Net: NetName=GND Pin=U1-G19
Removed Pin From Net: NetName=GND Pin=U1-H6
Removed Pin From Net: NetName=GND Pin=U1-H14
Removed Pin From Net: NetName=GND Pin=U1-J19
Removed Pin From Net: NetName=GND Pin=U1-K18
Removed Pin From Net: NetName=GND Pin=U1-M18
Removed Pin From Net: NetName=GND Pin=U1-N19
Removed Pin From Net: NetName=GND Pin=U1-P6
Removed Pin From Net: NetName=GND Pin=U1-P14
Removed Pin From Net: NetName=GND Pin=U1-T8
Removed Pin From Net: NetName=GND Pin=U1-T12
Removed Pin From Net: NetName=GND Pin=U1-U1
Removed Pin From Net: NetName=GND Pin=U1-V2
Removed Pin From Net: NetName=GND Pin=U1-W19
Removed Pin From Net: NetName=GND Pin=U1-Y2
Removed Pin From Net: NetName=GND Pin=U1-Y4
Removed Pin From Net: NetName=GND Pin=U2-7
Removed Pin From Net: NetName=GND Pin=U2-8
Removed Pin From Net: NetName=GND Pin=U3-1
Removed Pin From Net: NetName=CS_3V3 Pin=U3-11
Removed Pin From Net: NetName=CLK_3V3 Pin=U3-12
Removed Pin From Net: NetName=MISO_3V3 Pin=U3-13
Removed Pin From Net: NetName=MOSI_3V3 Pin=U3-14
Removed Pin From Net: NetName=GND Pin=U3-21
Removed Pin From Net: NetName=GND Pin=U7-B2
Removed Pin From Net: NetName=GND Pin=U8-2
Removed Pin From Net: NetName=3V3 Pin=U9-1
Removed Pin From Net: NetName=GND Pin=U9-3
Removed Pin From Net: NetName=GND Pin=U9-5
Removed Pin From Net: NetName=GND Pin=U9-9
Removed Pin From Net: NetName=GND Pin=U9-10
Removed Pin From Net: NetName=GND Pin=U10-B1
Removed Pin From Net: NetName=GND Pin=U10-E3
Change Component Footprint: Designator=P4 Old Footprint=HDR1X6 New Footprint=HDR1X8
Change Component Footprint: Designator=P3 Old Footprint=HDR1X8 New Footprint=HDR1X6
Change Component Footprint: Designator=P2 Old Footprint=HDR1X8 New Footprint=HDR1X10
Change Component Footprint: Designator=P1 Old Footprint=HDR1X10 New Footprint=HDR1X8
Change Component Footprint: Designator=L1 Old Footprint=L0603 New Footprint=INDC3225X22N
Change Component Comment : Designator=P4 Old Comment=ANALOG New Comment=DIGITAL 2
Change Component Comment : Designator=P1 Old Comment=DIGITAL 1 New Comment=POWER
Change Component Comment : Designator=P3 Old Comment=DIGITAL 2 New Comment=ANALOG
Change Component Comment : Designator=C3 Old Comment=electrolytic capacitor New Comment=Cap Semi
Change Component Comment : Designator=L1 Old Comment=Inductor New Comment=
Change Component Comment : Designator=P2 Old Comment=POWER New Comment=DIGITAL 1
Change Component Kind : Designator=P2 Old Kind=Standard (No BOM) New Kind=Standard
Change Component Kind : Designator=R2 Old Kind=Standard New Kind=Standard (No BOM)
Change Component Kind : Designator=R1 Old Kind=Standard New Kind=Standard (No BOM)
Change Component Kind : Designator=P1 Old Kind=Standard New Kind=Standard (No BOM)
Change component parameters: Designator = "P3"; Footprint = "HDR1X6"; UniqueID = "\GMPLAYZM"
Change component parameters. Clean all parameters for all variants
Change component parameters (AddParameter): Name = "Link"; Value = ""; VariantName = "[No Variations]"
Change component parameters (AddParameter): Name = "Manufacturer"; Value = ""; VariantName = "[No Variations]"
Change component parameters (AddParameter): Name = "Manufacturer Part No."; Value = ""; VariantName = "[No Variations]"
Change component parameters (AddParameter): Name = "Part Description"; Value = "Arduino Connector"; VariantName = "[No Variations]"
Change component parameters (AddParameter): Name = "Specification"; Value = "6 pos. 2,54mm"; VariantName = "[No Variations]"
Change component parameters (AddParameter): Name = "Supplier"; Value = "Rutronik"; VariantName = "[No Variations]"
Change component parameters (AddParameter): Name = "Supplier part number"; Value = ""; VariantName = "[No Variations]"
Change component parameters (AddParameter): Name = "Value"; Value = ""; VariantName = "[No Variations]"
Change component parameters: Designator = "P4"; Footprint = "HDR1X8"; UniqueID = "\PBNAHSVZ"
Change component parameters. Clean all parameters for all variants
Change component parameters (AddParameter): Name = "Link"; Value = ""; VariantName = "[No Variations]"
Change component parameters (AddParameter): Name = "Manufacturer"; Value = ""; VariantName = "[No Variations]"
Change component parameters (AddParameter): Name = "Manufacturer Part No."; Value = ""; VariantName = "[No Variations]"
Change component parameters (AddParameter): Name = "Part Description"; Value = "Arduino Connector"; VariantName = "[No Variations]"
Change component parameters (AddParameter): Name = "Specification"; Value = "8 pos. 2,54mm"; VariantName = "[No Variations]"
Change component parameters (AddParameter): Name = "Supplier"; Value = "Rutronik"; VariantName = "[No Variations]"
Change component parameters (AddParameter): Name = "Supplier part number"; Value = ""; VariantName = "[No Variations]"
Change component parameters (AddParameter): Name = "Value"; Value = ""; VariantName = "[No Variations]"
Change component parameters: Designator = "R6"; Footprint = "R0402"; UniqueID = "\IWUFLSEJ"
Change component parameters. Clean all parameters for all variants
Change component parameters (AddParameter): Name = "Link"; Value = "https://www.rutronik24.com/product/asj/cr10-103-jk/54295.html"; VariantName = "[No Variations]"
Change component parameters (AddParameter): Name = "Manufacturer"; Value = "ASJ"; VariantName = "[No Variations]"
Change component parameters (AddParameter): Name = "Manufacturer Part No."; Value = "CR10-103-JK"; VariantName = "[No Variations]"
Change component parameters (AddParameter): Name = "Part Description"; Value = "Thick Film Resistor"; VariantName = "[No Variations]"
Change component parameters (AddParameter): Name = "Specification"; Value = "5% 0,063W"; VariantName = "[No Variations]"
Change component parameters (AddParameter): Name = "Supplier"; Value = "Rutronik"; VariantName = "[No Variations]"
Change component parameters (AddParameter): Name = "Supplier part number"; Value = "WRC40976"; VariantName = "[No Variations]"
Change component parameters (AddParameter): Name = "Value"; Value = "NC"; VariantName = "[No Variations]"
Change component parameters (AddParameter): Name = "Link"; Value = "https://www.rutronik24.com/product/asj/cr10-103-jk/54295.html"; VariantName = "RUT_LCD_SHIELD"
Change component parameters (AddParameter): Name = "Manufacturer"; Value = "ASJ"; VariantName = "RUT_LCD_SHIELD"
Change component parameters (AddParameter): Name = "Manufacturer Part No."; Value = "CR10-103-JK"; VariantName = "RUT_LCD_SHIELD"
Change component parameters (AddParameter): Name = "Part Description"; Value = "Thick Film Resistor"; VariantName = "RUT_LCD_SHIELD"
Change component parameters (AddParameter): Name = "Specification"; Value = "5% 0,063W"; VariantName = "RUT_LCD_SHIELD"
Change component parameters (AddParameter): Name = "Supplier"; Value = "Rutronik"; VariantName = "RUT_LCD_SHIELD"
Change component parameters (AddParameter): Name = "Supplier part number"; Value = "WRC40976"; VariantName = "RUT_LCD_SHIELD"
Change component parameters (AddParameter): Name = "Value"; Value = "NC"; VariantName = "RUT_LCD_SHIELD"
Change component parameters: Designator = "R1"; Footprint = "R0402"; UniqueID = "\KHWXQJHM"
Change component parameters. Clean all parameters for all variants
Change component parameters (AddParameter): Name = "Link"; Value = "https://www.rutronik24.com/product/asj/cr10-103-jk/54295.html"; VariantName = "[No Variations]"
Change component parameters (AddParameter): Name = "Manufacturer"; Value = "ASJ"; VariantName = "[No Variations]"
Change component parameters (AddParameter): Name = "Manufacturer Part No."; Value = "CR10-103-JK"; VariantName = "[No Variations]"
Change component parameters (AddParameter): Name = "Part Description"; Value = "Thick Film Resistor"; VariantName = "[No Variations]"
Change component parameters (AddParameter): Name = "Specification"; Value = "5% 0,063W"; VariantName = "[No Variations]"
Change component parameters (AddParameter): Name = "Supplier"; Value = "Rutronik"; VariantName = "[No Variations]"
Change component parameters (AddParameter): Name = "Supplier part number"; Value = "WRC40976"; VariantName = "[No Variations]"
Change component parameters (AddParameter): Name = "Value"; Value = "NC"; VariantName = "[No Variations]"
Change component parameters: Designator = "R2"; Footprint = "R0402"; UniqueID = "\FOUSNQNE"
Change component parameters. Clean all parameters for all variants
Change component parameters (AddParameter): Name = "Link"; Value = "https://www.rutronik24.com/product/asj/cr10-103-jk/54295.html"; VariantName = "[No Variations]"
Change component parameters (AddParameter): Name = "Manufacturer"; Value = "ASJ"; VariantName = "[No Variations]"
Change component parameters (AddParameter): Name = "Manufacturer Part No."; Value = "CR10-103-JK"; VariantName = "[No Variations]"
Change component parameters (AddParameter): Name = "Part Description"; Value = "Thick Film Resistor"; VariantName = "[No Variations]"
Change component parameters (AddParameter): Name = "Specification"; Value = "5% 0,063W"; VariantName = "[No Variations]"
Change component parameters (AddParameter): Name = "Supplier"; Value = "Rutronik"; VariantName = "[No Variations]"
Change component parameters (AddParameter): Name = "Supplier part number"; Value = "WRC40976"; VariantName = "[No Variations]"
Change component parameters (AddParameter): Name = "Value"; Value = "NC"; VariantName = "[No Variations]"
Change component parameters (AddParameter): Name = "Link"; Value = "https://www.rutronik24.com/product/asj/cr10-103-jk/54295.html"; VariantName = "RUT_LCD_SHIELD"
Change component parameters (AddParameter): Name = "Manufacturer"; Value = "ASJ"; VariantName = "RUT_LCD_SHIELD"
Change component parameters (AddParameter): Name = "Manufacturer Part No."; Value = "CR10-103-JK"; VariantName = "RUT_LCD_SHIELD"
Change component parameters (AddParameter): Name = "Part Description"; Value = "Thick Film Resistor"; VariantName = "RUT_LCD_SHIELD"
Change component parameters (AddParameter): Name = "Specification"; Value = "5% 0,063W"; VariantName = "RUT_LCD_SHIELD"
Change component parameters (AddParameter): Name = "Supplier"; Value = "Rutronik"; VariantName = "RUT_LCD_SHIELD"
Change component parameters (AddParameter): Name = "Supplier part number"; Value = "WRC40976"; VariantName = "RUT_LCD_SHIELD"
Change component parameters (AddParameter): Name = "Value"; Value = "NC"; VariantName = "RUT_LCD_SHIELD"
Change component parameters: Designator = "R3"; Footprint = "R0402"; UniqueID = "\RTRPKHJN"
Change component parameters. Clean all parameters for all variants
Change component parameters (AddParameter): Name = "Link"; Value = "https://www.rutronik24.com/product/asj/cr10-103-jk/54295.html"; VariantName = "[No Variations]"
Change component parameters (AddParameter): Name = "Manufacturer"; Value = "ASJ"; VariantName = "[No Variations]"
Change component parameters (AddParameter): Name = "Manufacturer Part No."; Value = "CR10-103-JK"; VariantName = "[No Variations]"
Change component parameters (AddParameter): Name = "Part Description"; Value = "Thick Film Resistor"; VariantName = "[No Variations]"
Change component parameters (AddParameter): Name = "Specification"; Value = "5% 0,063W"; VariantName = "[No Variations]"
Change component parameters (AddParameter): Name = "Supplier"; Value = "Rutronik"; VariantName = "[No Variations]"
Change component parameters (AddParameter): Name = "Supplier part number"; Value = "WRC40976"; VariantName = "[No Variations]"
Change component parameters (AddParameter): Name = "Value"; Value = "10K"; VariantName = "[No Variations]"
Change component parameters: Designator = "R7"; Footprint = "R0402"; UniqueID = "\SBLXOOGR"
Change component parameters. Clean all parameters for all variants
Change component parameters (AddParameter): Name = "Link"; Value = "https://www.rutronik24.com/product/asj/cr10-103-jk/54295.html"; VariantName = "[No Variations]"
Change component parameters (AddParameter): Name = "Manufacturer"; Value = "ASJ"; VariantName = "[No Variations]"
Change component parameters (AddParameter): Name = "Manufacturer Part No."; Value = "CR10-103-JK"; VariantName = "[No Variations]"
Change component parameters (AddParameter): Name = "Part Description"; Value = "Thick Film Resistor"; VariantName = "[No Variations]"
Change component parameters (AddParameter): Name = "Specification"; Value = "5% 0,063W"; VariantName = "[No Variations]"
Change component parameters (AddParameter): Name = "Supplier"; Value = "Rutronik"; VariantName = "[No Variations]"
Change component parameters (AddParameter): Name = "Supplier part number"; Value = "WRC40976"; VariantName = "[No Variations]"
Change component parameters (AddParameter): Name = "Value"; Value = "NC"; VariantName = "[No Variations]"
Change component parameters (AddParameter): Name = "Link"; Value = "https://www.rutronik24.com/product/asj/cr10-103-jk/54295.html"; VariantName = "RUT_LCD_SHIELD"
Change component parameters (AddParameter): Name = "Manufacturer"; Value = "ASJ"; VariantName = "RUT_LCD_SHIELD"
Change component parameters (AddParameter): Name = "Manufacturer Part No."; Value = "CR10-103-JK"; VariantName = "RUT_LCD_SHIELD"
Change component parameters (AddParameter): Name = "Part Description"; Value = "Thick Film Resistor"; VariantName = "RUT_LCD_SHIELD"
Change component parameters (AddParameter): Name = "Specification"; Value = "5% 0,063W"; VariantName = "RUT_LCD_SHIELD"
Change component parameters (AddParameter): Name = "Supplier"; Value = "Rutronik"; VariantName = "RUT_LCD_SHIELD"
Change component parameters (AddParameter): Name = "Supplier part number"; Value = "WRC40976"; VariantName = "RUT_LCD_SHIELD"
Change component parameters (AddParameter): Name = "Value"; Value = "NC"; VariantName = "RUT_LCD_SHIELD"
Change component parameters: Designator = "C1"; Footprint = "C0402"; UniqueID = "\XUBPWMIF"
Change component parameters. Clean all parameters for all variants
Change component parameters (AddParameter): Name = "Link"; Value = "https://www.rutronik24.com/search-result/qs:KKK23619/reset:0"; VariantName = "[No Variations]"
Change component parameters (AddParameter): Name = "Manufacturer"; Value = "YAGEO"; VariantName = "[No Variations]"
Change component parameters (AddParameter): Name = "Manufacturer Part No."; Value = "CC0402KRX7R9BB104"; VariantName = "[No Variations]"
Change component parameters (AddParameter): Name = "Part Description"; Value = "Ceramic Capacitor"; VariantName = "[No Variations]"
Change component parameters (AddParameter): Name = "Specification"; Value = "X7R, 50V, 10%"; VariantName = "[No Variations]"
Change component parameters (AddParameter): Name = "Supplier"; Value = "Rutronik"; VariantName = "[No Variations]"
Change component parameters (AddParameter): Name = "Supplier part number"; Value = "KKK23619"; VariantName = "[No Variations]"
Change component parameters (AddParameter): Name = "Value"; Value = "100nF"; VariantName = "[No Variations]"
Change component parameters: Designator = "C2"; Footprint = "C0402"; UniqueID = "\YXKMWLHR"
Change component parameters. Clean all parameters for all variants
Change component parameters (AddParameter): Name = "Link"; Value = "https://www.rutronik24.com/search-result/qs:KKS2857/reset:0"; VariantName = "[No Variations]"
Change component parameters (AddParameter): Name = "Manufacturer"; Value = "Samsung Electronics"; VariantName = "[No Variations]"
Change component parameters (AddParameter): Name = "Manufacturer Part No."; Value = "CL05A106MP5NUNC"; VariantName = "[No Variations]"
Change component parameters (AddParameter): Name = "Part Description"; Value = "Ceramic Capacitor"; VariantName = "[No Variations]"
Change component parameters (AddParameter): Name = "Specification"; Value = "X5R, 10V, 20%"; VariantName = "[No Variations]"
Change component parameters (AddParameter): Name = "Supplier"; Value = "Rutronik"; VariantName = "[No Variations]"
Change component parameters (AddParameter): Name = "Supplier part number"; Value = "KKS2857"; VariantName = "[No Variations]"
Change component parameters (AddParameter): Name = "Value"; Value = "10uF"; VariantName = "[No Variations]"
Change component parameters: Designator = "C4"; Footprint = "C0402"; UniqueID = "\BZTZOJGF"
Change component parameters. Clean all parameters for all variants
Change component parameters (AddParameter): Name = "Link"; Value = "https://www.rutronik24.com/product/murata/grm155r61e105ka12d/4725132.html"; VariantName = "[No Variations]"
Change component parameters (AddParameter): Name = "Manufacturer"; Value = "muRata"; VariantName = "[No Variations]"
Change component parameters (AddParameter): Name = "Manufacturer Part No."; Value = "GRM155R61E105KA12D"; VariantName = "[No Variations]"
Change component parameters (AddParameter): Name = "Part Description"; Value = "Ceramic Capacitor"; VariantName = "[No Variations]"
Change component parameters (AddParameter): Name = "Specification"; Value = "X5R, 25V, 10%"; VariantName = "[No Variations]"
Change component parameters (AddParameter): Name = "Supplier"; Value = "Rutronik"; VariantName = "[No Variations]"
Change component parameters (AddParameter): Name = "Supplier part number"; Value = "KKS4987"; VariantName = "[No Variations]"
Change component parameters (AddParameter): Name = "Value"; Value = "2.2uF"; VariantName = "[No Variations]"
Change component parameters: Designator = "C3"; Footprint = "C0402"; UniqueID = "\UDCQNERK"
Change component parameters. Clean all parameters for all variants
Change component parameters (AddParameter): Name = "Link"; Value = "https://www.rutronik24.com/product/murata/grm155r61e105ka12d/4725132.html"; VariantName = "[No Variations]"
Change component parameters (AddParameter): Name = "Manufacturer"; Value = "muRata"; VariantName = "[No Variations]"
Change component parameters (AddParameter): Name = "Manufacturer Part No."; Value = "GRM155R61E105KA12D"; VariantName = "[No Variations]"
Change component parameters (AddParameter): Name = "Part Description"; Value = "Ceramic Capacitor"; VariantName = "[No Variations]"
Change component parameters (AddParameter): Name = "Specification"; Value = "X5R, 25V, 10%"; VariantName = "[No Variations]"
Change component parameters (AddParameter): Name = "Supplier"; Value = "Rutronik"; VariantName = "[No Variations]"
Change component parameters (AddParameter): Name = "Supplier part number"; Value = "KKS4987"; VariantName = "[No Variations]"
Change component parameters (AddParameter): Name = "Value"; Value = "1uF"; VariantName = "[No Variations]"
Change component parameters: Designator = "P1"; Footprint = "HDR1X8"; UniqueID = "\VMROWIKD"
Change component parameters. Clean all parameters for all variants
Change component parameters (AddParameter): Name = "Link"; Value = ""; VariantName = "[No Variations]"
Change component parameters (AddParameter): Name = "Manufacturer"; Value = ""; VariantName = "[No Variations]"
Change component parameters (AddParameter): Name = "Manufacturer Part No."; Value = ""; VariantName = "[No Variations]"
Change component parameters (AddParameter): Name = "Part Description"; Value = "Arduino Connector"; VariantName = "[No Variations]"
Change component parameters (AddParameter): Name = "Specification"; Value = "8 pos. 2,54mm"; VariantName = "[No Variations]"
Change component parameters (AddParameter): Name = "Supplier"; Value = "Rutronik"; VariantName = "[No Variations]"
Change component parameters (AddParameter): Name = "Supplier part number"; Value = ""; VariantName = "[No Variations]"
Change component parameters (AddParameter): Name = "Value"; Value = ""; VariantName = "[No Variations]"
Change component parameters: Designator = "P2"; Footprint = "HDR1X10"; UniqueID = "\XSAYRRRX"
Change component parameters. Clean all parameters for all variants
Change component parameters (AddParameter): Name = "Link"; Value = "https://www.digikey.com/products/en?keywords=1568-1413-ND"; VariantName = "[No Variations]"
Change component parameters (AddParameter): Name = "Manufacturer"; Value = "SparkFun Electronics"; VariantName = "[No Variations]"
Change component parameters (AddParameter): Name = "Manufacturer Part No."; Value = "PRT-11417"; VariantName = "[No Variations]"
Change component parameters (AddParameter): Name = "Part Description"; Value = "Arduino Stackable Header Kit"; VariantName = "[No Variations]"
Change component parameters (AddParameter): Name = "Specification"; Value = "10 pos. 2,54mm"; VariantName = "[No Variations]"
Change component parameters (AddParameter): Name = "Supplier"; Value = "Digi-Key"; VariantName = "[No Variations]"
Change component parameters (AddParameter): Name = "Supplier part number"; Value = "1568-1413-ND"; VariantName = "[No Variations]"
Change component parameters (AddParameter): Name = "Value"; Value = "PRT-11417"; VariantName = "[No Variations]"
Change component parameters: Designator = "L1"; Footprint = "INDC3225X22N"; UniqueID = "\RDWNEEVT"
Change component parameters. Clean all parameters for all variants
Change component parameters (AddParameter): Name = "Code_IEC"; Value = "1005"; VariantName = "[No Variations]"
Change component parameters (AddParameter): Name = "Code_JEITA"; Value = "0402"; VariantName = "[No Variations]"
Change component parameters (AddParameter): Name = "LatestRevisionDate"; Value = "29-May-2009"; VariantName = "[No Variations]"
Change component parameters (AddParameter): Name = "LatestRevisionNote"; Value = "IPC-7351 Footprint Added."; VariantName = "[No Variations]"
Change component parameters (AddParameter): Name = "PackageDescription"; Value = "Chip Inductor"; VariantName = "[No Variations]"
Change component parameters (AddParameter): Name = "PackageReference"; Value = "0402-A"; VariantName = "[No Variations]"
Change component parameters (AddParameter): Name = "Published"; Value = "8-Jun-2000"; VariantName = "[No Variations]"
Change component parameters (AddParameter): Name = "Publisher"; Value = "Altium Limited"; VariantName = "[No Variations]"
Change component parameters (AddParameter): Name = "Value"; Value = "22uH"; VariantName = "[No Variations]"
Added Component: Designator=IC1(SON65P200X200X61-7N)
Add component. Clean all parameters for all variants
Add component (AddParameter): Name = "Datasheet Link"; Value = "https://www.diodes.com/search/?q=AL3050&t=keyword&action_results=Go"; VariantName = "[No Variations]"
Add component (AddParameter): Name = "Height"; Value = "0.61mm"; VariantName = "[No Variations]"
Add component (AddParameter): Name = "Manufacturer_Name"; Value = "Diodes Inc."; VariantName = "[No Variations]"
Add component (AddParameter): Name = "Manufacturer_Part_Number"; Value = "AL3050FDC-7"; VariantName = "[No Variations]"
Add component (AddParameter): Name = "Mouser Part Number"; Value = "621-AL3050FDC-7"; VariantName = "[No Variations]"
Add component (AddParameter): Name = "Mouser Price/Stock"; Value = "https://www.mouser.com/Search/Refine.aspx?Keyword=621-AL3050FDC-7"; VariantName = "[No Variations]"
Add component (AddParameter): Name = "RS Part Number"; Value = ""; VariantName = "[No Variations]"
Add component (AddParameter): Name = "RS Price/Stock"; Value = ""; VariantName = "[No Variations]"
Added Component: Designator=R_FB1(6-0805_N)
Add component. Clean all parameters for all variants
Add component (AddParameter): Name = "LatestRevisionDate"; Value = "17-Jul-2002"; VariantName = "[No Variations]"
Add component (AddParameter): Name = "LatestRevisionNote"; Value = "Re-released for DXP Platform."; VariantName = "[No Variations]"
Add component (AddParameter): Name = "PackageDescription"; Value = "Axial Device, Thru-Hole; 2 Leads; 0.3 in Pin Spacing"; VariantName = "[No Variations]"
Add component (AddParameter): Name = "PackageReference"; Value = "AXIAL-0.3"; VariantName = "[No Variations]"
Add component (AddParameter): Name = "Published"; Value = "8-Jun-2000"; VariantName = "[No Variations]"
Add component (AddParameter): Name = "Publisher"; Value = "Altium Limited"; VariantName = "[No Variations]"
Add component (AddParameter): Name = "Value"; Value = "10R"; VariantName = "[No Variations]"
Added Pin To Net: NetName=GND Pin=C1-1
Added Pin To Net: NetName=3V3 Pin=C1-2
Added Pin To Net: NetName=3V3 Pin=C2-2
Added Pin To Net: NetName=3V3_AUX Pin=C4-1
Added Pin To Net: NetName=GND Pin=C4-2
Added Pin To Net: NetName=3V3_AUX Pin=IC1-2
Added Pin To Net: NetName=GND Pin=IC1-5
Added Pin To Net: NetName=GND Pin=IC1-7
Added Pin To Net: NetName=3V3_AUX Pin=L1-1
Added Pin To Net: NetName=3V3_AUX Pin=P1-4
Added Pin To Net: NetName=5V_AUX Pin=P1-5
Added Pin To Net: NetName=GND Pin=P1-6
Added Pin To Net: NetName=CS_3V3 Pin=P2-3
Added Pin To Net: NetName=MOSI_3V3 Pin=P2-4
Added Pin To Net: NetName=MISO_3V3 Pin=P2-5
Added Pin To Net: NetName=CLK_3V3 Pin=P2-6
Added Pin To Net: NetName=3V3 Pin=R1-2
Added Pin To Net: NetName=3V3 Pin=R2-1
Added Pin To Net: NetName=3V3 Pin=R3-1
Added Pin To Net: NetName=3V3 Pin=R4-1
Added Pin To Net: NetName=GND Pin=R5-2
Added Pin To Net: NetName=GND Pin=R6-2
Added Pin To Net: NetName=NetR4_2 Pin=R7-1
Added Pin To Net: NetName=GND Pin=R7-2
Added Pin To Net: NetName=GND Pin=R_FB1-1
Added Net: Name=KEY1
Added Net: Name=KEY2
Added Net: Name=KEY3
Added Net: Name=KEY4
Added Net: Name=KEY5
Added Pin To Net: NetName=LED_A Pin=C3-1
Added Pin To Net: NetName=LED_A Pin=IC1-3
Added Net: Name=LED_A
Added Pin To Net: NetName=LED_CTRL Pin=IC1-1
Added Net: Name=LED_CTRL
Added Pin To Net: NetName=LED_K Pin=IC1-4
Added Pin To Net: NetName=LED_K Pin=R_FB1-2
Added Net: Name=LED_K
Added Pin To Net: NetName=NetIC1_6 Pin=IC1-6
Added Pin To Net: NetName=NetIC1_6 Pin=L1-2
Added Net: Name=NetIC1_6
Added Pin To Net: NetName=NetP2_9 Pin=P2-9
Added Net: Name=NetP2_9
Added Pin To Net: NetName=NetP2_10 Pin=P2-10
Added Net: Name=NetP2_10
Added Pin To Net: NetName=NetR2_2 Pin=R2-2
Added Pin To Net: NetName=NetR2_2 Pin=R5-1
Added Net: Name=NetR2_2
Added Pin To Net: NetName=NetR3_2 Pin=R3-2
Added Pin To Net: NetName=NetR3_2 Pin=R6-1
Added Net: Name=NetR3_2
Added Class: Name=LCD
Change Room Name: Old Name=USBPD_Sink New Name=LCD
Change Room Scope: Old Scope=InComponentClass('USBPD_Sink') New Scope=InComponentClass('LCD')
