Removed Pin From Net: NetName=GND Pin=ANT2-2
Removed Pin From Net: NetName=GND Pin=ANT2-3
Removed Pin From Net: NetName=GND Pin=ANT2-4
Removed Pin From Net: NetName=GND Pin=ANT2-5
Removed Pin From Net: NetName=GND Pin=C1-2
Removed Pin From Net: NetName=GND Pin=C2-1
Removed Pin From Net: NetName=GND Pin=C3-2
Removed Pin From Net: NetName=GND Pin=C4-1
Removed Pin From Net: NetName=GND Pin=C5-1
Removed Pin From Net: NetName=GND Pin=C6-1
Removed Pin From Net: NetName=GND Pin=C7-2
Removed Pin From Net: NetName=GND Pin=C8-2
Removed Pin From Net: NetName=GND Pin=C9-2
Removed Pin From Net: NetName=GND Pin=C10-2
Removed Pin From Net: NetName=GND Pin=C11-1
Removed Pin From Net: NetName=GND Pin=C12-2
Removed Pin From Net: NetName=3V3 Pin=C13-1
Removed Pin From Net: NetName=GND Pin=C13-2
Removed Pin From Net: NetName=3V3 Pin=C14-1
Removed Pin From Net: NetName=GND Pin=C14-2
Removed Pin From Net: NetName=GND Pin=C15-2
Removed Pin From Net: NetName=GND Pin=C16-2
Removed Pin From Net: NetName=GND Pin=C17-2
Removed Pin From Net: NetName=GND Pin=C18-2
Removed Pin From Net: NetName=GND Pin=C19-2
Removed Pin From Net: NetName=GND Pin=C22-2
Removed Pin From Net: NetName=GND Pin=C23-1
Removed Pin From Net: NetName=VSNK Pin=C24-1
Removed Pin From Net: NetName=GND Pin=C24-2
Removed Pin From Net: NetName=GND Pin=C25-2
Removed Pin From Net: NetName=GND Pin=C26-1
Removed Pin From Net: NetName=GND Pin=C27-2
Removed Pin From Net: NetName=GND Pin=C28-2
Removed Pin From Net: NetName=GND Pin=C34-1
Removed Pin From Net: NetName=GND Pin=C35-2
Removed Pin From Net: NetName=GND Pin=C36-2
Removed Pin From Net: NetName=GND Pin=C37-1
Removed Pin From Net: NetName=VSNK Pin=C37-2
Removed Pin From Net: NetName=GND Pin=C38-1
Removed Pin From Net: NetName=GND Pin=C39-2
Removed Pin From Net: NetName=GND Pin=C40-1
Removed Pin From Net: NetName=GND Pin=C41-2
Removed Pin From Net: NetName=GND Pin=C42-2
Removed Pin From Net: NetName=GND Pin=C43-1
Removed Pin From Net: NetName=GND Pin=C44-1
Removed Pin From Net: NetName=GND Pin=C45-1
Removed Pin From Net: NetName=GND Pin=C46-1
Removed Pin From Net: NetName=GND Pin=C47-2
Removed Pin From Net: NetName=GND Pin=C48-2
Removed Pin From Net: NetName=VSNK Pin=C49-2
Removed Pin From Net: NetName=GND Pin=C50-2
Removed Pin From Net: NetName=GND Pin=C51-2
Removed Pin From Net: NetName=GND Pin=C52-2
Removed Pin From Net: NetName=GND Pin=CON1-4
Removed Pin From Net: NetName=GND Pin=CON1-7
Removed Pin From Net: NetName=GND Pin=CON1-8
Removed Pin From Net: NetName=3V3 Pin=D1-1
Removed Pin From Net: NetName=3V3 Pin=D2-1
Removed Pin From Net: NetName=VSNK Pin=D3-1
Removed Pin From Net: NetName=GND Pin=D3-2
Removed Pin From Net: NetName=GND Pin=D4-2
Removed Pin From Net: NetName=3V3 Pin=D6-1
Removed Pin From Net: NetName=3V3 Pin=D7-1
Removed Pin From Net: NetName=GND Pin=L4-1
Removed Pin From Net: NetName=GND Pin=P5-1
Removed Pin From Net: NetName=GND Pin=P5-7
Removed Pin From Net: NetName=GND Pin=P5-13
Removed Pin From Net: NetName=GND Pin=P5-19
Removed Pin From Net: NetName=GND Pin=P5-20
Removed Pin From Net: NetName=GND Pin=P5-25
Removed Pin From Net: NetName=GND Pin=P7-A1
Removed Pin From Net: NetName=GND Pin=P7-A12
Removed Pin From Net: NetName=GND Pin=P7-B1
Removed Pin From Net: NetName=GND Pin=P7-B12
Removed Pin From Net: NetName=GND Pin=Q1-3
Removed Pin From Net: NetName=GND Pin=Q2-3
Removed Pin From Net: NetName=GND Pin=Q3-3
Removed Pin From Net: NetName=GND Pin=Q4-3
Removed Pin From Net: NetName=GND Pin=Q5-3
Removed Pin From Net: NetName=VSNK Pin=Q7-5
Removed Pin From Net: NetName=VSNK Pin=Q7-6
Removed Pin From Net: NetName=VSNK Pin=Q7-7
Removed Pin From Net: NetName=VSNK Pin=Q7-8
Removed Pin From Net: NetName=GND Pin=Q8-3
Removed Pin From Net: NetName=GND Pin=R3-2
Removed Pin From Net: NetName=GND Pin=R8-2
Removed Pin From Net: NetName=GND Pin=R9-2
Removed Pin From Net: NetName=GND Pin=R13-1
Removed Pin From Net: NetName=GND Pin=R14-1
Removed Pin From Net: NetName=GND Pin=R15-1
Removed Pin From Net: NetName=VSNK Pin=R16-2
Removed Pin From Net: NetName=GND Pin=R18-2
Removed Pin From Net: NetName=GND Pin=R20-1
Removed Pin From Net: NetName=3V3 Pin=R21-1
Removed Pin From Net: NetName=3V3 Pin=R22-1
Removed Pin From Net: NetName=3V3_AUX Pin=R23-1
Removed Pin From Net: NetName=3V3 Pin=R23-2
Removed Pin From Net: NetName=GND Pin=R24-2
Removed Pin From Net: NetName=GND Pin=R25-1
Removed Pin From Net: NetName=GND Pin=R27-1
Removed Pin From Net: NetName=VSNK Pin=R35-2
Removed Pin From Net: NetName=GND Pin=R39-2
Removed Pin From Net: NetName=GND Pin=R40-2
Removed Pin From Net: NetName=GND Pin=R41-2
Removed Pin From Net: NetName=5V_AUX Pin=R42-1
Removed Pin From Net: NetName=VSNK Pin=R42-2
Removed Pin From Net: NetName=VSNK Pin=R43-2
Removed Pin From Net: NetName=GND Pin=R44-1
Removed Pin From Net: NetName=3V3 Pin=R46-2
Removed Pin From Net: NetName=3V3 Pin=R47-1
Removed Pin From Net: NetName=3V3 Pin=R48-1
Removed Pin From Net: NetName=GND Pin=R50-1
Removed Pin From Net: NetName=3V3 Pin=S2-1
Removed Pin From Net: NetName=3V3 Pin=S2-4
Removed Pin From Net: NetName=3V3 Pin=S3-1
Removed Pin From Net: NetName=3V3 Pin=S3-4
Removed Pin From Net: NetName=3V3 Pin=S4-1
Removed Pin From Net: NetName=3V3 Pin=S4-3
Removed Pin From Net: NetName=GND Pin=SB9-2
Removed Pin From Net: NetName=GND Pin=TP1-1
Removed Pin From Net: NetName=VSNK Pin=TP3-0
Removed Pin From Net: NetName=3V3 Pin=TP6-0
Removed Pin From Net: NetName=GND Pin=U1-A3
Removed Pin From Net: NetName=GND Pin=U1-A7
Removed Pin From Net: NetName=GND Pin=U1-A9
Removed Pin From Net: NetName=GND Pin=U1-A13
Removed Pin From Net: NetName=GND Pin=U1-A17
Removed Pin From Net: NetName=GND Pin=U1-B4
Removed Pin From Net: NetName=GND Pin=U1-B6
Removed Pin From Net: NetName=GND Pin=U1-B10
Removed Pin From Net: NetName=GND Pin=U1-B12
Removed Pin From Net: NetName=GND Pin=U1-B14
Removed Pin From Net: NetName=GND Pin=U1-B16
Removed Pin From Net: NetName=GND Pin=U1-C19
Removed Pin From Net: NetName=GND Pin=U1-D18
Removed Pin From Net: NetName=GND Pin=U1-F8
Removed Pin From Net: NetName=GND Pin=U1-F12
Removed Pin From Net: NetName=GND Pin=U1-F18
Removed Pin From Net: NetName=GND Pin=U1-G19
Removed Pin From Net: NetName=GND Pin=U1-H6
Removed Pin From Net: NetName=GND Pin=U1-H14
Removed Pin From Net: NetName=GND Pin=U1-J19
Removed Pin From Net: NetName=GND Pin=U1-K18
Removed Pin From Net: NetName=GND Pin=U1-M18
Removed Pin From Net: NetName=GND Pin=U1-N19
Removed Pin From Net: NetName=GND Pin=U1-P6
Removed Pin From Net: NetName=GND Pin=U1-P14
Removed Pin From Net: NetName=GND Pin=U1-T8
Removed Pin From Net: NetName=GND Pin=U1-T12
Removed Pin From Net: NetName=GND Pin=U1-U1
Removed Pin From Net: NetName=GND Pin=U1-V2
Removed Pin From Net: NetName=GND Pin=U1-W19
Removed Pin From Net: NetName=GND Pin=U1-Y2
Removed Pin From Net: NetName=GND Pin=U1-Y4
Removed Pin From Net: NetName=VSNK Pin=U2-1
Removed Pin From Net: NetName=GND Pin=U2-7
Removed Pin From Net: NetName=GND Pin=U2-8
Removed Pin From Net: NetName=GND Pin=U3-1
Removed Pin From Net: NetName=GND Pin=U3-21
Removed Pin From Net: NetName=GND Pin=U7-B2
Removed Pin From Net: NetName=GND Pin=U8-2
Removed Pin From Net: NetName=3V3 Pin=U9-1
Removed Pin From Net: NetName=GND Pin=U9-3
Removed Pin From Net: NetName=GND Pin=U9-5
Removed Pin From Net: NetName=GND Pin=U9-9
Removed Pin From Net: NetName=GND Pin=U9-10
Removed Pin From Net: NetName=GND Pin=U10-B1
Removed Pin From Net: NetName=GND Pin=U10-E3
Change component parameters: Designator = "R4"; Footprint = "R0402"; UniqueID = "\IWUFLSEJ"
Change component parameters. Clean all parameters for all variants
Change component parameters (AddParameter): Name = "Link"; Value = "https://www.rutronik24.com/product/asj/cr10-103-jk/54295.html"; VariantName = "[No Variations]"
Change component parameters (AddParameter): Name = "Manufacturer"; Value = "ASJ"; VariantName = "[No Variations]"
Change component parameters (AddParameter): Name = "Manufacturer Part No."; Value = "CR10-103-JK"; VariantName = "[No Variations]"
Change component parameters (AddParameter): Name = "Part Description"; Value = "Thick Film Resistor"; VariantName = "[No Variations]"
Change component parameters (AddParameter): Name = "Specification"; Value = "5% 0,063W"; VariantName = "[No Variations]"
Change component parameters (AddParameter): Name = "Supplier"; Value = "Rutronik"; VariantName = "[No Variations]"
Change component parameters (AddParameter): Name = "Supplier part number"; Value = "WRC40976"; VariantName = "[No Variations]"
Change component parameters (AddParameter): Name = "Value"; Value = "NC"; VariantName = "[No Variations]"
Change component parameters (AddParameter): Name = "Link"; Value = "https://www.rutronik24.com/product/asj/cr10-103-jk/54295.html"; VariantName = "RUT_LCD_SHIELD"
Change component parameters (AddParameter): Name = "Manufacturer"; Value = "ASJ"; VariantName = "RUT_LCD_SHIELD"
Change component parameters (AddParameter): Name = "Manufacturer Part No."; Value = "CR10-103-JK"; VariantName = "RUT_LCD_SHIELD"
Change component parameters (AddParameter): Name = "Part Description"; Value = "Thick Film Resistor"; VariantName = "RUT_LCD_SHIELD"
Change component parameters (AddParameter): Name = "Specification"; Value = "5% 0,063W"; VariantName = "RUT_LCD_SHIELD"
Change component parameters (AddParameter): Name = "Supplier"; Value = "Rutronik"; VariantName = "RUT_LCD_SHIELD"
Change component parameters (AddParameter): Name = "Supplier part number"; Value = "WRC40976"; VariantName = "RUT_LCD_SHIELD"
Change component parameters (AddParameter): Name = "Value"; Value = "NC"; VariantName = "RUT_LCD_SHIELD"
Change component parameters: Designator = "R6"; Footprint = "R0402"; UniqueID = "\SBLXOOGR"
Change component parameters. Clean all parameters for all variants
Change component parameters (AddParameter): Name = "Link"; Value = "https://www.rutronik24.com/product/asj/cr10-103-jk/54295.html"; VariantName = "[No Variations]"
Change component parameters (AddParameter): Name = "Manufacturer"; Value = "ASJ"; VariantName = "[No Variations]"
Change component parameters (AddParameter): Name = "Manufacturer Part No."; Value = "CR10-103-JK"; VariantName = "[No Variations]"
Change component parameters (AddParameter): Name = "Part Description"; Value = "Thick Film Resistor"; VariantName = "[No Variations]"
Change component parameters (AddParameter): Name = "Specification"; Value = "5% 0,063W"; VariantName = "[No Variations]"
Change component parameters (AddParameter): Name = "Supplier"; Value = "Rutronik"; VariantName = "[No Variations]"
Change component parameters (AddParameter): Name = "Supplier part number"; Value = "WRC40976"; VariantName = "[No Variations]"
Change component parameters (AddParameter): Name = "Value"; Value = "NC"; VariantName = "[No Variations]"
Change component parameters (AddParameter): Name = "Link"; Value = "https://www.rutronik24.com/product/asj/cr10-103-jk/54295.html"; VariantName = "RUT_LCD_SHIELD"
Change component parameters (AddParameter): Name = "Manufacturer"; Value = "ASJ"; VariantName = "RUT_LCD_SHIELD"
Change component parameters (AddParameter): Name = "Manufacturer Part No."; Value = "CR10-103-JK"; VariantName = "RUT_LCD_SHIELD"
Change component parameters (AddParameter): Name = "Part Description"; Value = "Thick Film Resistor"; VariantName = "RUT_LCD_SHIELD"
Change component parameters (AddParameter): Name = "Specification"; Value = "5% 0,063W"; VariantName = "RUT_LCD_SHIELD"
Change component parameters (AddParameter): Name = "Supplier"; Value = "Rutronik"; VariantName = "RUT_LCD_SHIELD"
Change component parameters (AddParameter): Name = "Supplier part number"; Value = "WRC40976"; VariantName = "RUT_LCD_SHIELD"
Change component parameters (AddParameter): Name = "Value"; Value = "NC"; VariantName = "RUT_LCD_SHIELD"
Change component parameters: Designator = "R1"; Footprint = "R0402"; UniqueID = "\FOUSNQNE"
Change component parameters. Clean all parameters for all variants
Change component parameters (AddParameter): Name = "Link"; Value = "https://www.rutronik24.com/product/asj/cr10-103-jk/54295.html"; VariantName = "[No Variations]"
Change component parameters (AddParameter): Name = "Manufacturer"; Value = "ASJ"; VariantName = "[No Variations]"
Change component parameters (AddParameter): Name = "Manufacturer Part No."; Value = "CR10-103-JK"; VariantName = "[No Variations]"
Change component parameters (AddParameter): Name = "Part Description"; Value = "Thick Film Resistor"; VariantName = "[No Variations]"
Change component parameters (AddParameter): Name = "Specification"; Value = "5% 0,063W"; VariantName = "[No Variations]"
Change component parameters (AddParameter): Name = "Supplier"; Value = "Rutronik"; VariantName = "[No Variations]"
Change component parameters (AddParameter): Name = "Supplier part number"; Value = "WRC40976"; VariantName = "[No Variations]"
Change component parameters (AddParameter): Name = "Value"; Value = "NC"; VariantName = "[No Variations]"
Change component parameters (AddParameter): Name = "Link"; Value = "https://www.rutronik24.com/product/asj/cr10-103-jk/54295.html"; VariantName = "RUT_LCD_SHIELD"
Change component parameters (AddParameter): Name = "Manufacturer"; Value = "ASJ"; VariantName = "RUT_LCD_SHIELD"
Change component parameters (AddParameter): Name = "Manufacturer Part No."; Value = "CR10-103-JK"; VariantName = "RUT_LCD_SHIELD"
Change component parameters (AddParameter): Name = "Part Description"; Value = "Thick Film Resistor"; VariantName = "RUT_LCD_SHIELD"
Change component parameters (AddParameter): Name = "Specification"; Value = "5% 0,063W"; VariantName = "RUT_LCD_SHIELD"
Change component parameters (AddParameter): Name = "Supplier"; Value = "Rutronik"; VariantName = "RUT_LCD_SHIELD"
Change component parameters (AddParameter): Name = "Supplier part number"; Value = "WRC40976"; VariantName = "RUT_LCD_SHIELD"
Change component parameters (AddParameter): Name = "Value"; Value = "NC"; VariantName = "RUT_LCD_SHIELD"
Change component parameters: Designator = "R2"; Footprint = "R0402"; UniqueID = "\JZTNCRVV"
Change component parameters. Clean all parameters for all variants
Change component parameters (AddParameter): Name = "Link"; Value = "https://www.rutronik24.com/product/asj/cr10-103-jk/54295.html"; VariantName = "[No Variations]"
Change component parameters (AddParameter): Name = "Manufacturer"; Value = "ASJ"; VariantName = "[No Variations]"
Change component parameters (AddParameter): Name = "Manufacturer Part No."; Value = "CR10-103-JK"; VariantName = "[No Variations]"
Change component parameters (AddParameter): Name = "Part Description"; Value = "Thick Film Resistor"; VariantName = "[No Variations]"
Change component parameters (AddParameter): Name = "Specification"; Value = "5% 0,063W"; VariantName = "[No Variations]"
Change component parameters (AddParameter): Name = "Supplier"; Value = "Rutronik"; VariantName = "[No Variations]"
Change component parameters (AddParameter): Name = "Supplier part number"; Value = "WRC40976"; VariantName = "[No Variations]"
Change component parameters (AddParameter): Name = "Value"; Value = "10K"; VariantName = "[No Variations]"
Change component parameters: Designator = "R3"; Footprint = "R0402"; UniqueID = "\RTRPKHJN"
Change component parameters. Clean all parameters for all variants
Change component parameters (AddParameter): Name = "Link"; Value = "https://www.rutronik24.com/product/asj/cr10-103-jk/54295.html"; VariantName = "[No Variations]"
Change component parameters (AddParameter): Name = "Manufacturer"; Value = "ASJ"; VariantName = "[No Variations]"
Change component parameters (AddParameter): Name = "Manufacturer Part No."; Value = "CR10-103-JK"; VariantName = "[No Variations]"
Change component parameters (AddParameter): Name = "Part Description"; Value = "Thick Film Resistor"; VariantName = "[No Variations]"
Change component parameters (AddParameter): Name = "Specification"; Value = "5% 0,063W"; VariantName = "[No Variations]"
Change component parameters (AddParameter): Name = "Supplier"; Value = "Rutronik"; VariantName = "[No Variations]"
Change component parameters (AddParameter): Name = "Supplier part number"; Value = "WRC40976"; VariantName = "[No Variations]"
Change component parameters (AddParameter): Name = "Value"; Value = "10K"; VariantName = "[No Variations]"
Added Component: Designator=IC?(SON65P200X200X61-7N)
Add component. Clean all parameters for all variants
Add component (AddParameter): Name = "Datasheet Link"; Value = "https://www.diodes.com/search/?q=AL3050&t=keyword&action_results=Go"; VariantName = "[No Variations]"
Add component (AddParameter): Name = "Height"; Value = "0.61mm"; VariantName = "[No Variations]"
Add component (AddParameter): Name = "Manufacturer_Name"; Value = "Diodes Inc."; VariantName = "[No Variations]"
Add component (AddParameter): Name = "Manufacturer_Part_Number"; Value = "AL3050FDC-7"; VariantName = "[No Variations]"
Add component (AddParameter): Name = "Mouser Part Number"; Value = "621-AL3050FDC-7"; VariantName = "[No Variations]"
Add component (AddParameter): Name = "Mouser Price/Stock"; Value = "https://www.mouser.com/Search/Refine.aspx?Keyword=621-AL3050FDC-7"; VariantName = "[No Variations]"
Add component (AddParameter): Name = "RS Part Number"; Value = ""; VariantName = "[No Variations]"
Add component (AddParameter): Name = "RS Price/Stock"; Value = ""; VariantName = "[No Variations]"
Added Component: Designator=L?(INDC3225X22N)
Add component. Clean all parameters for all variants
Add component (AddParameter): Name = "Code_IEC"; Value = "1005"; VariantName = "[No Variations]"
Add component (AddParameter): Name = "Code_JEITA"; Value = "0402"; VariantName = "[No Variations]"
Add component (AddParameter): Name = "LatestRevisionDate"; Value = "29-May-2009"; VariantName = "[No Variations]"
Add component (AddParameter): Name = "LatestRevisionNote"; Value = "IPC-7351 Footprint Added."; VariantName = "[No Variations]"
Add component (AddParameter): Name = "PackageDescription"; Value = "Chip Inductor"; VariantName = "[No Variations]"
Add component (AddParameter): Name = "PackageReference"; Value = "0402-A"; VariantName = "[No Variations]"
Add component (AddParameter): Name = "Published"; Value = "8-Jun-2000"; VariantName = "[No Variations]"
Add component (AddParameter): Name = "Publisher"; Value = "Altium Limited"; VariantName = "[No Variations]"
Add component (AddParameter): Name = "Value"; Value = "22uH"; VariantName = "[No Variations]"
Added Component: Designator=R_FB?(AXIAL-0.3)
Add component. Clean all parameters for all variants
Add component (AddParameter): Name = "LatestRevisionDate"; Value = "17-Jul-2002"; VariantName = "[No Variations]"
Add component (AddParameter): Name = "LatestRevisionNote"; Value = "Re-released for DXP Platform."; VariantName = "[No Variations]"
Add component (AddParameter): Name = "PackageDescription"; Value = "Axial Device, Thru-Hole; 2 Leads; 0.3 in Pin Spacing"; VariantName = "[No Variations]"
Add component (AddParameter): Name = "PackageReference"; Value = "AXIAL-0.3"; VariantName = "[No Variations]"
Add component (AddParameter): Name = "Published"; Value = "8-Jun-2000"; VariantName = "[No Variations]"
Add component (AddParameter): Name = "Publisher"; Value = "Altium Limited"; VariantName = "[No Variations]"
Add component (AddParameter): Name = "Value"; Value = "10R"; VariantName = "[No Variations]"
Added Pin To Net: NetName=3V3_AUX Pin=IC?-2
Added Pin To Net: NetName=GND Pin=IC?-5
Added Pin To Net: NetName=GND Pin=IC?-7
Added Pin To Net: NetName=3V3_AUX Pin=L?-1
Added Pin To Net: NetName=3V3 Pin=R1-1
Added Pin To Net: NetName=3V3 Pin=R3-1
Added Pin To Net: NetName=GND Pin=R4-2
Added Pin To Net: NetName=3V3 Pin=R5-1
Added Pin To Net: NetName=GND Pin=R_FB?-1
Added Pin To Net: NetName=ENABLE Pin=P1-1
Added Net: Name=ENABLE
Added Pin To Net: NetName=KEY1 Pin=P3-8
Added Net: Name=KEY1
Added Pin To Net: NetName=KEY2 Pin=P3-7
Added Net: Name=KEY2
Added Pin To Net: NetName=KEY3 Pin=P3-6
Added Net: Name=KEY3
Added Pin To Net: NetName=KEY4 Pin=P3-5
Added Net: Name=KEY4
Added Pin To Net: NetName=KEY5 Pin=P3-4
Added Net: Name=KEY5
Added Pin To Net: NetName=LED_A Pin=IC?-3
Added Net: Name=LED_A
Added Pin To Net: NetName=LED_CTRL Pin=IC?-1
Added Pin To Net: NetName=LED_CTRL Pin=P3-3
Added Net: Name=LED_CTRL
Added Pin To Net: NetName=LED_K Pin=IC?-4
Added Pin To Net: NetName=LED_K Pin=R_FB?-2
Added Net: Name=LED_K
Added Pin To Net: NetName=NetIC?_6 Pin=IC?-6
Added Pin To Net: NetName=NetIC?_6 Pin=L?-2
Added Net: Name=NetIC?_6
Added Pin To Net: NetName=NetP1_9 Pin=P1-9
Added Net: Name=NetP1_9
Added Pin To Net: NetName=NetP1_10 Pin=P1-10
Added Net: Name=NetP1_10
Added Pin To Net: NetName=NetR1_2 Pin=R1-2
Added Pin To Net: NetName=NetR1_2 Pin=R2-1
Added Net: Name=NetR1_2
Added Pin To Net: NetName=NetR3_1 Pin=R3-1
Added Pin To Net: NetName=NetR3_1 Pin=R4-1
Added Net: Name=NetR3_1
Added Pin To Net: NetName=NetR5_2 Pin=R5-2
Added Pin To Net: NetName=NetR5_2 Pin=R6-2
Added Net: Name=NetR5_2
Added Pin To Net: NetName=SPI_CLK Pin=P1-6
Added Net: Name=SPI_CLK
Added Pin To Net: NetName=SPI_CS Pin=P1-3
Added Net: Name=SPI_CS
Added Pin To Net: NetName=SPI_MISO Pin=P1-5
Added Net: Name=SPI_MISO
Added Pin To Net: NetName=SPI_MOSI Pin=P1-4
Added Net: Name=SPI_MOSI
Added Pin To Net: NetName=TE Pin=P3-1
Added Net: Name=TE
Added Class: Name=LCD
Change Room Name: Old Name=USBPD_Sink New Name=LCD
Change Room Scope: Old Scope=InComponentClass('USBPD_Sink') New Scope=InComponentClass('LCD')
