Change component parameters: Designator = "L1"; Footprint = "INDC3225X22N"; UniqueID = "\TOJLSMFK"
Change component parameters. Clean all parameters for all variants
Change component parameters (AddParameter): Name = "Case/Package"; Value = "1210"; VariantName = "[No Variations]"
Change component parameters (AddParameter): Name = "Case Code (Imperial)"; Value = "0806"; VariantName = "[No Variations]"
Change component parameters (AddParameter): Name = "Case Code (Metric)"; Value = "3225"; VariantName = "[No Variations]"
Change component parameters (AddParameter): Name = "Code_IEC"; Value = "1005"; VariantName = "[No Variations]"
Change component parameters (AddParameter): Name = "Code_JEITA"; Value = "0402"; VariantName = "[No Variations]"
Change component parameters (AddParameter): Name = "ComponentLink1Description"; Value = "https://datasheet.ciiva.com/30514/1864601-30514032.pdf?src-supplier=Jameco"; VariantName = "[No Variations]"
Change component parameters (AddParameter): Name = "ComponentLink1URL"; Value = "https://datasheet.ciiva.com/30514/1864601-30514032.pdf?src-supplier=Jameco"; VariantName = "[No Variations]"
Change component parameters (AddParameter): Name = "ComponentLink2Description"; Value = "https://datasheet.ciiva.com/11799/0900766b8121da8f-11799217.pdf?src-supplier=RSComponents"; VariantName = "[No Variations]"
Change component parameters (AddParameter): Name = "ComponentLink2URL"; Value = "https://datasheet.ciiva.com/11799/0900766b8121da8f-11799217.pdf?src-supplier=RSComponents"; VariantName = "[No Variations]"
Change component parameters (AddParameter): Name = "ComponentLink3Description"; Value = "https://datasheet.ciiva.com/18088/getdatasheetpartid-31248-18088660.pdf?src-supplier=Verical"; VariantName = "[No Variations]"
Change component parameters (AddParameter): Name = "ComponentLink3URL"; Value = "https://datasheet.ciiva.com/18088/getdatasheetpartid-31248-18088660.pdf?src-supplier=Verical"; VariantName = "[No Variations]"
Change component parameters (AddParameter): Name = "ComponentLink4Description"; Value = "https://datasheet.ciiva.com/29348/536629-da-01-en-induktivitaet-10-22uh-250ma-3-2x2-50-29348769.pdf?src-supplier=Conrad"; VariantName = "[No Variations]"
Change component parameters (AddParameter): Name = "ComponentLink4URL"; Value = "https://datasheet.ciiva.com/29348/536629-da-01-en-induktivitaet-10-22uh-250ma-3-2x2-50-29348769.pdf?src-supplier=Conrad"; VariantName = "[No Variations]"
Change component parameters (AddParameter): Name = "ComponentLink5Description"; Value = "https://datasheet.ciiva.com/6709/l0075s0093lqh32c-2333-6709846.pdf?src-supplier=Digi-Key"; VariantName = "[No Variations]"
Change component parameters (AddParameter): Name = "ComponentLink5URL"; Value = "https://datasheet.ciiva.com/6709/l0075s0093lqh32c-2333-6709846.pdf?src-supplier=Digi-Key"; VariantName = "[No Variations]"
Change component parameters (AddParameter): Name = "ComponentLink6Description"; Value = "https://datasheet.ciiva.com/3082/l0075s0093lqh32c-2333-3082183.pdf?src-supplier=Avnet"; VariantName = "[No Variations]"
Change component parameters (AddParameter): Name = "ComponentLink6URL"; Value = "https://datasheet.ciiva.com/3082/l0075s0093lqh32c-2333-3082183.pdf?src-supplier=Avnet"; VariantName = "[No Variations]"
Change component parameters (AddParameter): Name = "ComponentLink7Description"; Value = "https://datasheet.ciiva.com/17247/l0075s0093lqh32c-2333-17247816.pdf?src-supplier=Avnet+Europe"; VariantName = "[No Variations]"
Change component parameters (AddParameter): Name = "ComponentLink7URL"; Value = "https://datasheet.ciiva.com/17247/l0075s0093lqh32c-2333-17247816.pdf?src-supplier=Avnet+Europe"; VariantName = "[No Variations]"
Change component parameters (AddParameter): Name = "ComponentLink8Description"; Value = "https://datasheet.ciiva.com/8510/l0075s0093lqh32c-2333-8510841.pdf?src-supplier=Avnet"; VariantName = "[No Variations]"
Change component parameters (AddParameter): Name = "ComponentLink8URL"; Value = "https://datasheet.ciiva.com/8510/l0075s0093lqh32c-2333-8510841.pdf?src-supplier=Avnet"; VariantName = "[No Variations]"
Change component parameters (AddParameter): Name = "Core Material"; Value = "Ferrite"; VariantName = "[No Variations]"
Change component parameters (AddParameter): Name = "Current"; Value = "80mA"; VariantName = "[No Variations]"
Change component parameters (AddParameter): Name = "Current Rating"; Value = "250mA"; VariantName = "[No Variations]"
Change component parameters (AddParameter): Name = "DC Current"; Value = "250mA"; VariantName = "[No Variations]"
Change component parameters (AddParameter): Name = "DC Resistance (DCR)"; Value = "710mR"; VariantName = "[No Variations]"
Change component parameters (AddParameter): Name = "Depth"; Value = "2.7mm"; VariantName = "[No Variations]"
Change component parameters (AddParameter): Name = "Frequency"; Value = "19MHz"; VariantName = "[No Variations]"
Change component parameters (AddParameter): Name = "Height"; Value = "2mm"; VariantName = "[No Variations]"
Change component parameters (AddParameter): Name = "Inductance"; Value = "22uH"; VariantName = "[No Variations]"
Change component parameters (AddParameter): Name = "LatestRevisionDate"; Value = "29-May-2009"; VariantName = "[No Variations]"
Change component parameters (AddParameter): Name = "LatestRevisionNote"; Value = "IPC-7351 Footprint Added."; VariantName = "[No Variations]"
Change component parameters (AddParameter): Name = "Lead Free"; Value = "Lead Free"; VariantName = "[No Variations]"
Change component parameters (AddParameter): Name = "Length"; Value = "3.2mm"; VariantName = "[No Variations]"
Change component parameters (AddParameter): Name = "Link"; Value = ""; VariantName = "[No Variations]"
Change component parameters (AddParameter): Name = "Manufacturer"; Value = ""; VariantName = "[No Variations]"
Change component parameters (AddParameter): Name = "Manufacturer Part No."; Value = "BWVC00201610220M00"; VariantName = "[No Variations]"
Change component parameters (AddParameter): Name = "Manufacturer Part Number"; Value = "LQH2MCN220K02"; VariantName = "[No Variations]"
Change component parameters (AddParameter): Name = "Max DC Current"; Value = "250mA"; VariantName = "[No Variations]"
Change component parameters (AddParameter): Name = "Max Operating Temperature"; Value = "85°C"; VariantName = "[No Variations]"
Change component parameters (AddParameter): Name = "Military Standard"; Value = "Not"; VariantName = "[No Variations]"
Change component parameters (AddParameter): Name = "Min Operating Temperature"; Value = "-40°C"; VariantName = "[No Variations]"
Change component parameters (AddParameter): Name = "Mount"; Value = "Surface Mount"; VariantName = "[No Variations]"
Change component parameters (AddParameter): Name = "PackageDescription"; Value = "Chip Inductor"; VariantName = "[No Variations]"
Change component parameters (AddParameter): Name = "Package Quantity"; Value = "2000"; VariantName = "[No Variations]"
Change component parameters (AddParameter): Name = "Packaging"; Value = "Tape and Reel"; VariantName = "[No Variations]"
Change component parameters (AddParameter): Name = "Partnumber"; Value = "BWVC00201610220200"; VariantName = "[No Variations]"
Change component parameters (AddParameter): Name = "Pricing 1"; Value = "1 = 0.33000, 10 = 0.29700, 100 = 0.20430, 500 = 0.17458, 1000 = 0.13372 (USD)"; VariantName = "[No Variations]"
Change component parameters (AddParameter): Name = "Published"; Value = "8-Jun-2000"; VariantName = "[No Variations]"
Change component parameters (AddParameter): Name = "Publisher"; Value = "Altium Limited"; VariantName = "[No Variations]"
Change component parameters (AddParameter): Name = "Radiation Hardening"; Value = "No"; VariantName = "[No Variations]"
Change component parameters (AddParameter): Name = "RoHS"; Value = "Yes"; VariantName = "[No Variations]"
Change component parameters (AddParameter): Name = "Self Resonant Frequency"; Value = "19MHz"; VariantName = "[No Variations]"
Change component parameters (AddParameter): Name = "Shielding"; Value = "Unshielded"; VariantName = "[No Variations]"
Change component parameters (AddParameter): Name = "Stock 1"; Value = "27069"; VariantName = "[No Variations]"
Change component parameters (AddParameter): Name = "Supplier 1"; Value = "Digi-Key"; VariantName = "[No Variations]"
Change component parameters (AddParameter): Name = "Supplier Part Number 1"; Value = "BWVC00201610220200"; VariantName = "[No Variations]"
Change component parameters (AddParameter): Name = "Termination"; Value = "SMD/SMT"; VariantName = "[No Variations]"
Change component parameters (AddParameter): Name = "Test Frequency"; Value = "1MHz"; VariantName = "[No Variations]"
Change component parameters (AddParameter): Name = "Tolerance"; Value = "10%"; VariantName = "[No Variations]"
Change component parameters (AddParameter): Name = "Value"; Value = "22uH"; VariantName = "[No Variations]"
Change component parameters (AddParameter): Name = "Weight"; Value = "0.002116oz"; VariantName = "[No Variations]"
Change component parameters (AddParameter): Name = "Width"; Value = "2.5mm"; VariantName = "[No Variations]"
Added Component: Designator=TP5(TP_SMD_Ø1.0mm)
Add component. Clean all parameters for all variants
Add component (AddParameter): Name = "Artikkelnr Noca"; Value = "N.A."; VariantName = "[No Variations]"
Add component (AddParameter): Name = "Assembly"; Value = ""; VariantName = "[No Variations]"
Add component (AddParameter): Name = "ComponentLink1Description"; Value = "Datasheet"; VariantName = "[No Variations]"
Add component (AddParameter): Name = "ComponentLink1URL"; Value = ""; VariantName = "[No Variations]"
Add component (AddParameter): Name = "ComponentLink2Description"; Value = "Supplier link"; VariantName = "[No Variations]"
Add component (AddParameter): Name = "ComponentLink2URL"; Value = ""; VariantName = "[No Variations]"
Add component (AddParameter): Name = "Footprint Doc"; Value = "TP_SMD_Ø1.0mm"; VariantName = "[No Variations]"
Add component (AddParameter): Name = "HelpURL"; Value = ""; VariantName = "[No Variations]"
Add component (AddParameter): Name = "LatestRevisionDate"; Value = "2013-06-11"; VariantName = "[No Variations]"
Add component (AddParameter): Name = "Manufacturer"; Value = "Nordic Semiconductor"; VariantName = "[No Variations]"
Add component (AddParameter): Name = "Manufacturer Part Number"; Value = ""; VariantName = "[No Variations]"
Add component (AddParameter): Name = "Note"; Value = ""; VariantName = "[No Variations]"
Add component (AddParameter): Name = "Part Number"; Value = "TP_SMD_Ø1.0MM"; VariantName = "[No Variations]"
Add component (AddParameter): Name = "Part number IPS"; Value = "N.A."; VariantName = "[No Variations]"
Add component (AddParameter): Name = "Pin Count"; Value = "1"; VariantName = "[No Variations]"
Add component (AddParameter): Name = "Published"; Value = "2013-06-11"; VariantName = "[No Variations]"
Add component (AddParameter): Name = "Publisher"; Value = "Nordic Semiconductor"; VariantName = "[No Variations]"
Add component (AddParameter): Name = "Supplier 1"; Value = ""; VariantName = "[No Variations]"
Add component (AddParameter): Name = "Supplier 2"; Value = ""; VariantName = "[No Variations]"
Add component (AddParameter): Name = "Supplier Part Number 1"; Value = ""; VariantName = "[No Variations]"
Add component (AddParameter): Name = "Supplier Part Number 2"; Value = ""; VariantName = "[No Variations]"
Add component (AddParameter): Name = "Value"; Value = "Ø1.0mm,SMD"; VariantName = "[No Variations]"
Added Component: Designator=TP5(TP_SMD_Ø1.0mm)
Add component. Clean all parameters for all variants
Add component (AddParameter): Name = "Artikkelnr Noca"; Value = "N.A."; VariantName = "[No Variations]"
Add component (AddParameter): Name = "Assembly"; Value = ""; VariantName = "[No Variations]"
Add component (AddParameter): Name = "ComponentLink1Description"; Value = "Datasheet"; VariantName = "[No Variations]"
Add component (AddParameter): Name = "ComponentLink1URL"; Value = ""; VariantName = "[No Variations]"
Add component (AddParameter): Name = "ComponentLink2Description"; Value = "Supplier link"; VariantName = "[No Variations]"
Add component (AddParameter): Name = "ComponentLink2URL"; Value = ""; VariantName = "[No Variations]"
Add component (AddParameter): Name = "Footprint Doc"; Value = "TP_SMD_Ø1.0mm"; VariantName = "[No Variations]"
Add component (AddParameter): Name = "HelpURL"; Value = ""; VariantName = "[No Variations]"
Add component (AddParameter): Name = "LatestRevisionDate"; Value = "2013-06-11"; VariantName = "[No Variations]"
Add component (AddParameter): Name = "Manufacturer"; Value = "Nordic Semiconductor"; VariantName = "[No Variations]"
Add component (AddParameter): Name = "Manufacturer Part Number"; Value = ""; VariantName = "[No Variations]"
Add component (AddParameter): Name = "Note"; Value = ""; VariantName = "[No Variations]"
Add component (AddParameter): Name = "Part Number"; Value = "TP_SMD_Ø1.0MM"; VariantName = "[No Variations]"
Add component (AddParameter): Name = "Part number IPS"; Value = "N.A."; VariantName = "[No Variations]"
Add component (AddParameter): Name = "Pin Count"; Value = "1"; VariantName = "[No Variations]"
Add component (AddParameter): Name = "Published"; Value = "2013-06-11"; VariantName = "[No Variations]"
Add component (AddParameter): Name = "Publisher"; Value = "Nordic Semiconductor"; VariantName = "[No Variations]"
Add component (AddParameter): Name = "Supplier 1"; Value = ""; VariantName = "[No Variations]"
Add component (AddParameter): Name = "Supplier 2"; Value = ""; VariantName = "[No Variations]"
Add component (AddParameter): Name = "Supplier Part Number 1"; Value = ""; VariantName = "[No Variations]"
Add component (AddParameter): Name = "Supplier Part Number 2"; Value = ""; VariantName = "[No Variations]"
Add component (AddParameter): Name = "Value"; Value = "Ø1.0mm,SMD"; VariantName = "[No Variations]"
Added Pin To Net: NetName=3V3_AUX Pin=C4-1
Added Pin To Net: NetName=3V3_AUX Pin=IC1-2
Added Pin To Net: NetName=3V3_AUX Pin=L1-1
Added Net: Name=3V3_AUX
Added Pin To Net: NetName=3V3 Pin=C1-2
Added Pin To Net: NetName=3V3 Pin=C2-2
Added Pin To Net: NetName=3V3 Pin=P2-4
Added Pin To Net: NetName=3V3 Pin=P11-3
Added Pin To Net: NetName=3V3 Pin=P11-38
Added Pin To Net: NetName=3V3 Pin=R1-1
Added Pin To Net: NetName=3V3 Pin=R2-1
Added Pin To Net: NetName=3V3 Pin=R3-1
Added Pin To Net: NetName=3V3 Pin=TP2-1
Added Net: Name=3V3
Added Pin To Net: NetName=ENABLE Pin=P1-1
Added Pin To Net: NetName=ENABLE Pin=P11-28
Added Net: Name=ENABLE
Added Pin To Net: NetName=GND Pin=C1-1
Added Pin To Net: NetName=GND Pin=C2-1
Added Pin To Net: NetName=GND Pin=C3-2
Added Pin To Net: NetName=GND Pin=C4-2
Added Pin To Net: NetName=GND Pin=IC1-5
Added Pin To Net: NetName=GND Pin=IC1-7
Added Pin To Net: NetName=GND Pin=P1-7
Added Pin To Net: NetName=GND Pin=P2-6
Added Pin To Net: NetName=GND Pin=P2-7
Added Pin To Net: NetName=GND Pin=P11-6
Added Pin To Net: NetName=GND Pin=P11-7
Added Pin To Net: NetName=GND Pin=P11-8
Added Pin To Net: NetName=GND Pin=P11-9
Added Pin To Net: NetName=GND Pin=P11-10
Added Pin To Net: NetName=GND Pin=P11-11
Added Pin To Net: NetName=GND Pin=P11-12
Added Pin To Net: NetName=GND Pin=P11-13
Added Pin To Net: NetName=GND Pin=P11-14
Added Pin To Net: NetName=GND Pin=P11-15
Added Pin To Net: NetName=GND Pin=P11-16
Added Pin To Net: NetName=GND Pin=P11-17
Added Pin To Net: NetName=GND Pin=P11-18
Added Pin To Net: NetName=GND Pin=P11-19
Added Pin To Net: NetName=GND Pin=P11-20
Added Pin To Net: NetName=GND Pin=P11-21
Added Pin To Net: NetName=GND Pin=P11-22
Added Pin To Net: NetName=GND Pin=P11-23
Added Pin To Net: NetName=GND Pin=P11-24
Added Pin To Net: NetName=GND Pin=P11-25
Added Pin To Net: NetName=GND Pin=P11-27
Added Pin To Net: NetName=GND Pin=P12-1
Added Pin To Net: NetName=GND Pin=P12-8
Added Pin To Net: NetName=GND Pin=R4-2
Added Pin To Net: NetName=GND Pin=R5-2
Added Pin To Net: NetName=GND Pin=R6-1
Added Pin To Net: NetName=GND Pin=R_FB1-1
Added Net: Name=GND
Added Pin To Net: NetName=KEY1 Pin=P3-8
Added Pin To Net: NetName=KEY1 Pin=P12-2
Added Net: Name=KEY1
Added Pin To Net: NetName=KEY2 Pin=P3-7
Added Pin To Net: NetName=KEY2 Pin=P12-3
Added Net: Name=KEY2
Added Pin To Net: NetName=KEY3 Pin=P3-6
Added Pin To Net: NetName=KEY3 Pin=P12-4
Added Net: Name=KEY3
Added Pin To Net: NetName=KEY4 Pin=P3-5
Added Pin To Net: NetName=KEY4 Pin=P12-5
Added Net: Name=KEY4
Added Pin To Net: NetName=KEY5 Pin=P3-4
Added Pin To Net: NetName=KEY5 Pin=P12-6
Added Net: Name=KEY5
Added Pin To Net: NetName=LED_A Pin=C3-1
Added Pin To Net: NetName=LED_A Pin=IC1-3
Added Pin To Net: NetName=LED_A Pin=P11-1
Added Net: Name=LED_A
Added Pin To Net: NetName=LED_CTRL Pin=IC1-1
Added Pin To Net: NetName=LED_CTRL Pin=P3-3
Added Net: Name=LED_CTRL
Added Pin To Net: NetName=LED_K Pin=IC1-4
Added Pin To Net: NetName=LED_K Pin=P11-2
Added Pin To Net: NetName=LED_K Pin=R_FB1-2
Added Net: Name=LED_K
Added Pin To Net: NetName=NetIC1_6 Pin=IC1-6
Added Pin To Net: NetName=NetIC1_6 Pin=L1-2
Added Net: Name=NetIC1_6
Added Pin To Net: NetName=NetP11_26 Pin=P11-26
Added Pin To Net: NetName=NetP11_26 Pin=TP1-1
Added Net: Name=NetP11_26
Added Pin To Net: NetName=NetP11_29 Pin=P11-29
Added Pin To Net: NetName=NetP11_29 Pin=TP2-1
Added Net: Name=NetP11_29
Added Pin To Net: NetName=NetP11_30 Pin=P11-30
Added Pin To Net: NetName=NetP11_30 Pin=TP3-1
Added Net: Name=NetP11_30
Added Pin To Net: NetName=NetP11_31 Pin=P11-31
Added Pin To Net: NetName=NetP11_31 Pin=TP4-1
Added Net: Name=NetP11_31
Added Pin To Net: NetName=NetP11_32 Pin=P11-32
Added Pin To Net: NetName=NetP11_32 Pin=TP5-1
Added Net: Name=NetP11_32
Added Pin To Net: NetName=NetP11_36 Pin=P11-36
Added Pin To Net: NetName=NetP11_36 Pin=R1-2
Added Pin To Net: NetName=NetP11_36 Pin=R4-1
Added Net: Name=NetP11_36
Added Pin To Net: NetName=NetP11_37 Pin=P11-37
Added Pin To Net: NetName=NetP11_37 Pin=R3-2
Added Pin To Net: NetName=NetP11_37 Pin=R6-2
Added Net: Name=NetP11_37
Added Pin To Net: NetName=NetP11_39 Pin=P11-39
Added Pin To Net: NetName=NetP11_39 Pin=R2-1
Added Pin To Net: NetName=NetP11_39 Pin=R5-1
Added Net: Name=NetP11_39
Added Pin To Net: NetName=RESET Pin=P1-2
Added Pin To Net: NetName=RESET Pin=P11-35
Added Net: Name=RESET
Added Pin To Net: NetName=RS Pin=P11-33
Added Pin To Net: NetName=RS Pin=TP5-1
Added Net: Name=RS
Added Pin To Net: NetName=SPI_CLK Pin=P1-6
Added Net: Name=SPI_CLK
Added Pin To Net: NetName=SPI_CS Pin=P1-3
Added Pin To Net: NetName=SPI_CS Pin=P11-34
Added Pin To Net: NetName=SPI_CS Pin=TP5-1
Added Net: Name=SPI_CS
Added Pin To Net: NetName=SPI_MISO Pin=P1-5
Added Pin To Net: NetName=SPI_MISO Pin=P11-4
Added Net: Name=SPI_MISO
Added Pin To Net: NetName=SPI_MOSI Pin=P1-4
Added Net: Name=SPI_MOSI
Added Pin To Net: NetName=TE Pin=P3-1
Added Pin To Net: NetName=TE Pin=P11-5
Added Net: Name=TE
Added Pin To Net: NetName=VSNK Pin=P2-8
Added Net: Name=VSNK
Added Class: Name=LCD
Added Room: Name=LCD
