Added Pin To Net: NetName=3V3 Pin=1-1
Added Pin To Net: NetName=3V3 Pin=C1-2
Added Pin To Net: NetName=3V3 Pin=C2-2
Added Pin To Net: NetName=3V3 Pin=C5-2
Added Pin To Net: NetName=3V3 Pin=C7-1
Added Pin To Net: NetName=3V3 Pin=IC1-2
Added Pin To Net: NetName=3V3 Pin=L1-1
Added Pin To Net: NetName=3V3 Pin=P3-4
Added Pin To Net: NetName=3V3 Pin=R2-2
Added Pin To Net: NetName=3V3 Pin=R3-1
Added Pin To Net: NetName=3V3 Pin=R4-1
Added Pin To Net: NetName=3V3 Pin=R5-1
Added Pin To Net: NetName=3V3 Pin=R6-1
Added Pin To Net: NetName=3V3 Pin=U1-1
Added Pin To Net: NetName=3V3 Pin=U1-20
Added Net: Name=3V3
Added Pin To Net: NetName=D/CX Pin=D/CX-1
Added Pin To Net: NetName=D/CX Pin=P4-6
Added Net: Name=D/CX
Added Pin To Net: NetName=ENABLE Pin=EN1-1
Added Pin To Net: NetName=ENABLE Pin=P2-1
Added Net: Name=ENABLE
Added Pin To Net: NetName=GND Pin=2-1
Added Pin To Net: NetName=GND Pin=C1-1
Added Pin To Net: NetName=GND Pin=C2-1
Added Pin To Net: NetName=GND Pin=C3-1
Added Pin To Net: NetName=GND Pin=C4-1
Added Pin To Net: NetName=GND Pin=C5-1
Added Pin To Net: NetName=GND Pin=C6-2
Added Pin To Net: NetName=GND Pin=C7-2
Added Pin To Net: NetName=GND Pin=GND-1
Added Pin To Net: NetName=GND Pin=IC1-5
Added Pin To Net: NetName=GND Pin=IC1-7
Added Pin To Net: NetName=GND Pin=P2-7
Added Pin To Net: NetName=GND Pin=P3-6
Added Pin To Net: NetName=GND Pin=P3-7
Added Pin To Net: NetName=GND Pin=P6-1
Added Pin To Net: NetName=GND Pin=P6-8
Added Pin To Net: NetName=GND Pin=R1-1
Added Pin To Net: NetName=GND Pin=R7-2
Added Pin To Net: NetName=GND Pin=R8-2
Added Pin To Net: NetName=GND Pin=R9-1
Added Pin To Net: NetName=GND Pin=R_FB1-1
Added Pin To Net: NetName=GND Pin=U1-2
Added Pin To Net: NetName=GND Pin=U1-7
Added Pin To Net: NetName=GND Pin=U1-8
Added Pin To Net: NetName=GND Pin=U1-9
Added Pin To Net: NetName=GND Pin=U1-10
Added Net: Name=GND
Added Pin To Net: NetName=INT Pin=INT1-1
Added Pin To Net: NetName=INT Pin=R1-2
Added Pin To Net: NetName=INT Pin=SB1-2
Added Pin To Net: NetName=INT Pin=SB2-2
Added Pin To Net: NetName=INT Pin=U1-6
Added Net: Name=INT
Added Pin To Net: NetName=KEY1 Pin=P6-2
Added Pin To Net: NetName=KEY1 Pin=U1-17
Added Net: Name=KEY1
Added Pin To Net: NetName=KEY2 Pin=P6-3
Added Pin To Net: NetName=KEY2 Pin=U1-16
Added Net: Name=KEY2
Added Pin To Net: NetName=KEY3 Pin=P6-4
Added Pin To Net: NetName=KEY3 Pin=U1-14
Added Net: Name=KEY3
Added Pin To Net: NetName=KEY4 Pin=P6-5
Added Pin To Net: NetName=KEY4 Pin=U1-13
Added Net: Name=KEY4
Added Pin To Net: NetName=KEY5 Pin=P6-6
Added Pin To Net: NetName=KEY5 Pin=U1-12
Added Net: Name=KEY5
Added Pin To Net: NetName=LED_A Pin=C6-1
Added Pin To Net: NetName=LED_A Pin=IC1-3
Added Net: Name=LED_A
Added Pin To Net: NetName=LED_CTRL Pin=CTRL1-1
Added Pin To Net: NetName=LED_CTRL Pin=IC1-1
Added Pin To Net: NetName=LED_CTRL Pin=P4-7
Added Net: Name=LED_CTRL
Added Pin To Net: NetName=LED_K Pin=IC1-4
Added Pin To Net: NetName=LED_K Pin=R_FB1-2
Added Net: Name=LED_K
Added Pin To Net: NetName=NetC3_2 Pin=C3-2
Added Pin To Net: NetName=NetC3_2 Pin=U1-18
Added Net: Name=NetC3_2
Added Pin To Net: NetName=NetC4_2 Pin=C4-2
Added Pin To Net: NetName=NetC4_2 Pin=U1-19
Added Net: Name=NetC4_2
Added Pin To Net: NetName=NetIC1_6 Pin=IC1-6
Added Pin To Net: NetName=NetIC1_6 Pin=L1-2
Added Net: Name=NetIC1_6
Added Pin To Net: NetName=NetP4_5 Pin=P4-5
Added Pin To Net: NetName=NetP4_5 Pin=SB2-1
Added Net: Name=NetP4_5
Added Pin To Net: NetName=NetP4_8 Pin=P4-8
Added Pin To Net: NetName=NetP4_8 Pin=SB1-1
Added Net: Name=NetP4_8
Added Pin To Net: NetName=NetR4_2 Pin=R4-2
Added Pin To Net: NetName=NetR4_2 Pin=R7-1
Added Net: Name=NetR4_2
Added Pin To Net: NetName=NetR5_2 Pin=R5-2
Added Pin To Net: NetName=NetR5_2 Pin=R8-1
Added Net: Name=NetR5_2
Added Pin To Net: NetName=NetR6_2 Pin=R6-2
Added Pin To Net: NetName=NetR6_2 Pin=R9-2
Added Net: Name=NetR6_2
Added Pin To Net: NetName=RESET Pin=P2-2
Added Pin To Net: NetName=RESET Pin=RESET1-1
Added Net: Name=RESET
Added Pin To Net: NetName=SCL Pin=P2-10
Added Pin To Net: NetName=SCL Pin=R3-2
Added Pin To Net: NetName=SCL Pin=U1-4
Added Net: Name=SCL
Added Pin To Net: NetName=SDA Pin=P2-9
Added Pin To Net: NetName=SDA Pin=R2-1
Added Pin To Net: NetName=SDA Pin=U1-5
Added Net: Name=SDA
Added Pin To Net: NetName=SPI_CLK Pin=P2-6
Added Pin To Net: NetName=SPI_CLK Pin=SPI_CLK-1
Added Net: Name=SPI_CLK
Added Pin To Net: NetName=SPI_CS Pin=CS1-1
Added Pin To Net: NetName=SPI_CS Pin=P2-3
Added Net: Name=SPI_CS
Added Pin To Net: NetName=SPI_MISO Pin=MISO1-1
Added Pin To Net: NetName=SPI_MISO Pin=P2-5
Added Net: Name=SPI_MISO
Added Pin To Net: NetName=SPI_MOSI Pin=P2-4
Added Net: Name=SPI_MOSI
Added Pin To Net: NetName=TE Pin=TE1-1
Added Net: Name=TE
Added Pin To Net: NetName=VSNK Pin=P3-8
Added Net: Name=VSNK
